{"/Users/sebastien/Documents/repositories/ipad/react-native-holusion/lib/actions.js": {"path":"/Users/sebastien/Documents/repositories/ipad/react-native-holusion/lib/actions.js","statementMap":{"0":{"start":{"line":2,"column":28},"end":{"line":2,"column":42}},"1":{"start":{"line":3,"column":27},"end":{"line":3,"column":40}},"2":{"start":{"line":4,"column":30},"end":{"line":4,"column":46}},"3":{"start":{"line":5,"column":34},"end":{"line":5,"column":54}},"4":{"start":{"line":7,"column":27},"end":{"line":7,"column":40}},"5":{"start":{"line":8,"column":32},"end":{"line":8,"column":50}},"6":{"start":{"line":9,"column":24},"end":{"line":9,"column":34}},"7":{"start":{"line":10,"column":27},"end":{"line":10,"column":40}},"8":{"start":{"line":11,"column":27},"end":{"line":11,"column":40}},"9":{"start":{"line":13,"column":24},"end":{"line":13,"column":34}},"10":{"start":{"line":14,"column":25},"end":{"line":14,"column":36}},"11":{"start":{"line":15,"column":26},"end":{"line":15,"column":38}},"12":{"start":{"line":17,"column":34},"end":{"line":17,"column":54}},"13":{"start":{"line":18,"column":34},"end":{"line":18,"column":54}},"14":{"start":{"line":19,"column":25},"end":{"line":19,"column":36}},"15":{"start":{"line":20,"column":24},"end":{"line":20,"column":34}},"16":{"start":{"line":22,"column":31},"end":{"line":22,"column":48}},"17":{"start":{"line":26,"column":27},"end":{"line":28,"column":1}},"18":{"start":{"line":27,"column":4},"end":{"line":27,"column":40}},"19":{"start":{"line":29,"column":26},"end":{"line":31,"column":1}},"20":{"start":{"line":30,"column":4},"end":{"line":30,"column":39}},"21":{"start":{"line":32,"column":29},"end":{"line":34,"column":1}},"22":{"start":{"line":33,"column":4},"end":{"line":33,"column":110}},"23":{"start":{"line":36,"column":25},"end":{"line":38,"column":1}},"24":{"start":{"line":37,"column":4},"end":{"line":37,"column":89}},"25":{"start":{"line":43,"column":26},"end":{"line":45,"column":1}},"26":{"start":{"line":44,"column":4},"end":{"line":44,"column":46}},"27":{"start":{"line":46,"column":31},"end":{"line":48,"column":1}},"28":{"start":{"line":47,"column":4},"end":{"line":47,"column":44}},"29":{"start":{"line":50,"column":23},"end":{"line":52,"column":1}},"30":{"start":{"line":51,"column":4},"end":{"line":51,"column":70}},"31":{"start":{"line":53,"column":26},"end":{"line":55,"column":1}},"32":{"start":{"line":54,"column":4},"end":{"line":54,"column":41}},"33":{"start":{"line":56,"column":26},"end":{"line":59,"column":1}},"34":{"start":{"line":57,"column":4},"end":{"line":57,"column":99}},"35":{"start":{"line":57,"column":31},"end":{"line":57,"column":99}},"36":{"start":{"line":58,"column":4},"end":{"line":58,"column":34}},"37":{"start":{"line":65,"column":23},"end":{"line":67,"column":1}},"38":{"start":{"line":66,"column":4},"end":{"line":66,"column":34}},"39":{"start":{"line":68,"column":24},"end":{"line":70,"column":1}},"40":{"start":{"line":69,"column":4},"end":{"line":69,"column":36}},"41":{"start":{"line":71,"column":25},"end":{"line":73,"column":1}},"42":{"start":{"line":72,"column":4},"end":{"line":72,"column":37}},"43":{"start":{"line":75,"column":32},"end":{"line":77,"column":1}},"44":{"start":{"line":76,"column":4},"end":{"line":76,"column":51}},"45":{"start":{"line":78,"column":32},"end":{"line":80,"column":1}},"46":{"start":{"line":79,"column":4},"end":{"line":79,"column":51}},"47":{"start":{"line":81,"column":24},"end":{"line":83,"column":1}},"48":{"start":{"line":82,"column":4},"end":{"line":82,"column":42}},"49":{"start":{"line":85,"column":30},"end":{"line":87,"column":1}},"50":{"start":{"line":86,"column":4},"end":{"line":86,"column":41}},"51":{"start":{"line":88,"column":23},"end":{"line":90,"column":1}},"52":{"start":{"line":89,"column":4},"end":{"line":89,"column":34}}},"fnMap":{"0":{"name":"(anonymous_0)","decl":{"start":{"line":26,"column":27},"end":{"line":26,"column":28}},"loc":{"start":{"line":26,"column":41},"end":{"line":28,"column":1}},"line":26},"1":{"name":"(anonymous_1)","decl":{"start":{"line":29,"column":26},"end":{"line":29,"column":27}},"loc":{"start":{"line":29,"column":38},"end":{"line":31,"column":1}},"line":29},"2":{"name":"(anonymous_2)","decl":{"start":{"line":32,"column":29},"end":{"line":32,"column":30}},"loc":{"start":{"line":32,"column":46},"end":{"line":34,"column":1}},"line":32},"3":{"name":"(anonymous_3)","decl":{"start":{"line":36,"column":25},"end":{"line":36,"column":26}},"loc":{"start":{"line":36,"column":36},"end":{"line":38,"column":1}},"line":36},"4":{"name":"(anonymous_4)","decl":{"start":{"line":43,"column":26},"end":{"line":43,"column":27}},"loc":{"start":{"line":43,"column":36},"end":{"line":45,"column":1}},"line":43},"5":{"name":"(anonymous_5)","decl":{"start":{"line":46,"column":31},"end":{"line":46,"column":32}},"loc":{"start":{"line":46,"column":41},"end":{"line":48,"column":1}},"line":46},"6":{"name":"(anonymous_6)","decl":{"start":{"line":50,"column":23},"end":{"line":50,"column":24}},"loc":{"start":{"line":50,"column":67},"end":{"line":52,"column":1}},"line":50},"7":{"name":"(anonymous_7)","decl":{"start":{"line":53,"column":26},"end":{"line":53,"column":27}},"loc":{"start":{"line":53,"column":35},"end":{"line":55,"column":1}},"line":53},"8":{"name":"(anonymous_8)","decl":{"start":{"line":56,"column":26},"end":{"line":56,"column":27}},"loc":{"start":{"line":56,"column":32},"end":{"line":59,"column":1}},"line":56},"9":{"name":"(anonymous_9)","decl":{"start":{"line":65,"column":23},"end":{"line":65,"column":24}},"loc":{"start":{"line":65,"column":32},"end":{"line":67,"column":1}},"line":65},"10":{"name":"(anonymous_10)","decl":{"start":{"line":68,"column":24},"end":{"line":68,"column":25}},"loc":{"start":{"line":68,"column":34},"end":{"line":70,"column":1}},"line":68},"11":{"name":"(anonymous_11)","decl":{"start":{"line":71,"column":25},"end":{"line":71,"column":26}},"loc":{"start":{"line":71,"column":37},"end":{"line":73,"column":1}},"line":71},"12":{"name":"(anonymous_12)","decl":{"start":{"line":75,"column":32},"end":{"line":75,"column":33}},"loc":{"start":{"line":75,"column":48},"end":{"line":77,"column":1}},"line":75},"13":{"name":"(anonymous_13)","decl":{"start":{"line":78,"column":32},"end":{"line":78,"column":33}},"loc":{"start":{"line":78,"column":40},"end":{"line":80,"column":1}},"line":78},"14":{"name":"(anonymous_14)","decl":{"start":{"line":81,"column":24},"end":{"line":81,"column":25}},"loc":{"start":{"line":81,"column":33},"end":{"line":83,"column":1}},"line":81},"15":{"name":"(anonymous_15)","decl":{"start":{"line":85,"column":30},"end":{"line":85,"column":31}},"loc":{"start":{"line":85,"column":40},"end":{"line":87,"column":1}},"line":85},"16":{"name":"(anonymous_16)","decl":{"start":{"line":88,"column":23},"end":{"line":88,"column":24}},"loc":{"start":{"line":88,"column":31},"end":{"line":90,"column":1}},"line":88}},"branchMap":{"0":{"loc":{"start":{"line":33,"column":40},"end":{"line":33,"column":108}},"type":"cond-expr","locations":[{"start":{"line":33,"column":75},"end":{"line":33,"column":88}},{"start":{"line":33,"column":90},"end":{"line":33,"column":108}}],"line":33},"1":{"loc":{"start":{"line":36,"column":26},"end":{"line":36,"column":33}},"type":"default-arg","locations":[{"start":{"line":36,"column":31},"end":{"line":36,"column":33}}],"line":36},"2":{"loc":{"start":{"line":37,"column":44},"end":{"line":37,"column":88}},"type":"cond-expr","locations":[{"start":{"line":37,"column":72},"end":{"line":37,"column":76}},{"start":{"line":37,"column":79},"end":{"line":37,"column":88}}],"line":37},"3":{"loc":{"start":{"line":50,"column":30},"end":{"line":50,"column":46}},"type":"default-arg","locations":[{"start":{"line":50,"column":37},"end":{"line":50,"column":46}}],"line":50},"4":{"loc":{"start":{"line":51,"column":39},"end":{"line":51,"column":50}},"type":"binary-expr","locations":[{"start":{"line":51,"column":39},"end":{"line":51,"column":44}},{"start":{"line":51,"column":48},"end":{"line":51,"column":50}}],"line":51},"5":{"loc":{"start":{"line":57,"column":4},"end":{"line":57,"column":99}},"type":"if","locations":[{"start":{"line":57,"column":4},"end":{"line":57,"column":99}},{"start":{"line":57,"column":4},"end":{"line":57,"column":99}}],"line":57}},"s":{"0":3,"1":3,"2":3,"3":3,"4":3,"5":3,"6":3,"7":3,"8":3,"9":3,"10":3,"11":3,"12":3,"13":3,"14":3,"15":3,"16":3,"17":3,"18":0,"19":3,"20":14,"21":3,"22":2,"23":3,"24":3,"25":3,"26":1,"27":3,"28":0,"29":3,"30":23,"31":3,"32":16,"33":3,"34":3,"35":1,"36":2,"37":3,"38":6,"39":3,"40":0,"41":3,"42":0,"43":3,"44":0,"45":3,"46":0,"47":3,"48":0,"49":3,"50":1,"51":3,"52":1},"f":{"0":0,"1":14,"2":2,"3":3,"4":1,"5":0,"6":23,"7":16,"8":3,"9":6,"10":0,"11":0,"12":0,"13":0,"14":0,"15":1,"16":1},"b":{"0":[1,1],"1":[1],"2":[0,3],"3":[18],"4":[23,14],"5":[1,2]},"_coverageSchema":"43e27e138ebf9cfc5966b082cf9a028302ed4184","hash":"b52b1521a5fadfd7047451e8072eba58be535939"}
,"/Users/sebastien/Documents/repositories/ipad/react-native-holusion/lib/convert.js": {"path":"/Users/sebastien/Documents/repositories/ipad/react-native-holusion/lib/convert.js","statementMap":{"0":{"start":{"line":5,"column":14},"end":{"line":5,"column":33}},"1":{"start":{"line":6,"column":12},"end":{"line":6,"column":14}},"2":{"start":{"line":8,"column":2},"end":{"line":14,"column":3}},"3":{"start":{"line":10,"column":15},"end":{"line":10,"column":45}},"4":{"start":{"line":12,"column":4},"end":{"line":12,"column":42}},"5":{"start":{"line":15,"column":2},"end":{"line":15,"column":27}},"6":{"start":{"line":20,"column":2},"end":{"line":20,"column":67}}},"fnMap":{"0":{"name":"base64ToHex","decl":{"start":{"line":3,"column":16},"end":{"line":3,"column":27}},"loc":{"start":{"line":3,"column":35},"end":{"line":16,"column":1}},"line":3},"1":{"name":"normalizeAngle","decl":{"start":{"line":19,"column":16},"end":{"line":19,"column":30}},"loc":{"start":{"line":19,"column":46},"end":{"line":21,"column":1}},"line":19}},"branchMap":{"0":{"loc":{"start":{"line":12,"column":12},"end":{"line":12,"column":40}},"type":"cond-expr","locations":[{"start":{"line":12,"column":27},"end":{"line":12,"column":31}},{"start":{"line":12,"column":32},"end":{"line":12,"column":40}}],"line":12},"1":{"loc":{"start":{"line":19,"column":34},"end":{"line":19,"column":45}},"type":"default-arg","locations":[{"start":{"line":19,"column":42},"end":{"line":19,"column":45}}],"line":19},"2":{"loc":{"start":{"line":20,"column":9},"end":{"line":20,"column":66}},"type":"cond-expr","locations":[{"start":{"line":20,"column":19},"end":{"line":20,"column":52}},{"start":{"line":20,"column":55},"end":{"line":20,"column":66}}],"line":20}},"s":{"0":2,"1":2,"2":2,"3":32,"4":32,"5":2,"6":9},"f":{"0":2,"1":9},"b":{"0":[30,2],"1":[6],"2":[3,6]},"_coverageSchema":"43e27e138ebf9cfc5966b082cf9a028302ed4184","hash":"ec10972468ca35a0da9d0c3bf884eada2595223e"}
,"/Users/sebastien/Documents/repositories/ipad/react-native-holusion/lib/persistentStore.js": {"path":"/Users/sebastien/Documents/repositories/ipad/react-native-holusion/lib/persistentStore.js","statementMap":{"0":{"start":{"line":14,"column":23},"end":{"line":14,"column":46}},"1":{"start":{"line":15,"column":2},"end":{"line":19,"column":3}},"2":{"start":{"line":16,"column":4},"end":{"line":16,"column":48}},"3":{"start":{"line":18,"column":4},"end":{"line":18,"column":53}},"4":{"start":{"line":20,"column":2},"end":{"line":20,"column":45}},"5":{"start":{"line":29,"column":16},"end":{"line":29,"column":36}},"6":{"start":{"line":30,"column":2},"end":{"line":30,"column":44}},"7":{"start":{"line":32,"column":2},"end":{"line":94,"column":6}},"8":{"start":{"line":34,"column":4},"end":{"line":34,"column":66}},"9":{"start":{"line":35,"column":4},"end":{"line":41,"column":5}},"10":{"start":{"line":36,"column":6},"end":{"line":36,"column":22}},"11":{"start":{"line":37,"column":6},"end":{"line":37,"column":69}},"12":{"start":{"line":39,"column":6},"end":{"line":39,"column":39}},"13":{"start":{"line":40,"column":6},"end":{"line":40,"column":87}},"14":{"start":{"line":43,"column":12},"end":{"line":46,"column":5}},"15":{"start":{"line":48,"column":4},"end":{"line":63,"column":5}},"16":{"start":{"line":49,"column":6},"end":{"line":49,"column":79}},"17":{"start":{"line":50,"column":6},"end":{"line":62,"column":7}},"18":{"start":{"line":51,"column":18},"end":{"line":51,"column":47}},"19":{"start":{"line":52,"column":8},"end":{"line":52,"column":35}},"20":{"start":{"line":53,"column":8},"end":{"line":53,"column":48}},"21":{"start":{"line":55,"column":8},"end":{"line":59,"column":12}},"22":{"start":{"line":61,"column":8},"end":{"line":61,"column":94}},"23":{"start":{"line":65,"column":4},"end":{"line":92,"column":7}},"24":{"start":{"line":66,"column":24},"end":{"line":66,"column":40}},"25":{"start":{"line":67,"column":6},"end":{"line":91,"column":7}},"26":{"start":{"line":68,"column":8},"end":{"line":70,"column":9}},"27":{"start":{"line":69,"column":10},"end":{"line":69,"column":19}},"28":{"start":{"line":71,"column":8},"end":{"line":75,"column":9}},"29":{"start":{"line":72,"column":10},"end":{"line":74,"column":23}},"30":{"start":{"line":73,"column":12},"end":{"line":73,"column":53}},"31":{"start":{"line":74,"column":14},"end":{"line":74,"column":23}},"32":{"start":{"line":76,"column":8},"end":{"line":76,"column":34}},"33":{"start":{"line":77,"column":22},"end":{"line":77,"column":52}},"34":{"start":{"line":79,"column":8},"end":{"line":90,"column":10}},"35":{"start":{"line":81,"column":10},"end":{"line":85,"column":14}},"36":{"start":{"line":88,"column":10},"end":{"line":88,"column":52}},"37":{"start":{"line":89,"column":10},"end":{"line":89,"column":97}},"38":{"start":{"line":93,"column":4},"end":{"line":93,"column":81}}},"fnMap":{"0":{"name":"configureStore","decl":{"start":{"line":13,"column":16},"end":{"line":13,"column":30}},"loc":{"start":{"line":13,"column":53},"end":{"line":21,"column":1}},"line":13},"1":{"name":"persistentStore","decl":{"start":{"line":28,"column":16},"end":{"line":28,"column":31}},"loc":{"start":{"line":28,"column":38},"end":{"line":95,"column":1}},"line":28},"2":{"name":"(anonymous_2)","decl":{"start":{"line":32,"column":40},"end":{"line":32,"column":41}},"loc":{"start":{"line":32,"column":52},"end":{"line":94,"column":3}},"line":32},"3":{"name":"onStoreUpdate","decl":{"start":{"line":65,"column":29},"end":{"line":65,"column":42}},"loc":{"start":{"line":65,"column":45},"end":{"line":92,"column":5}},"line":65},"4":{"name":"(anonymous_4)","decl":{"start":{"line":72,"column":47},"end":{"line":72,"column":48}},"loc":{"start":{"line":72,"column":52},"end":{"line":74,"column":11}},"line":72},"5":{"name":"(anonymous_5)","decl":{"start":{"line":80,"column":14},"end":{"line":80,"column":15}},"loc":{"start":{"line":80,"column":18},"end":{"line":86,"column":9}},"line":80},"6":{"name":"(anonymous_6)","decl":{"start":{"line":87,"column":15},"end":{"line":87,"column":16}},"loc":{"start":{"line":87,"column":20},"end":{"line":90,"column":9}},"line":87}},"branchMap":{"0":{"loc":{"start":{"line":13,"column":31},"end":{"line":13,"column":51}},"type":"default-arg","locations":[{"start":{"line":13,"column":49},"end":{"line":13,"column":51}}],"line":13},"1":{"loc":{"start":{"line":15,"column":2},"end":{"line":19,"column":3}},"type":"if","locations":[{"start":{"line":15,"column":2},"end":{"line":19,"column":3}},{"start":{"line":15,"column":2},"end":{"line":19,"column":3}}],"line":15},"2":{"loc":{"start":{"line":68,"column":8},"end":{"line":70,"column":9}},"type":"if","locations":[{"start":{"line":68,"column":8},"end":{"line":70,"column":9}},{"start":{"line":68,"column":8},"end":{"line":70,"column":9}}],"line":68},"3":{"loc":{"start":{"line":71,"column":8},"end":{"line":75,"column":9}},"type":"if","locations":[{"start":{"line":71,"column":8},"end":{"line":75,"column":9}},{"start":{"line":71,"column":8},"end":{"line":75,"column":9}}],"line":71},"4":{"loc":{"start":{"line":72,"column":10},"end":{"line":74,"column":23}},"type":"if","locations":[{"start":{"line":72,"column":10},"end":{"line":74,"column":23}},{"start":{"line":72,"column":10},"end":{"line":74,"column":23}}],"line":72}},"s":{"0":5,"1":5,"2":1,"3":4,"4":5,"5":3,"6":3,"7":3,"8":3,"9":3,"10":3,"11":3,"12":0,"13":0,"14":3,"15":3,"16":6,"17":6,"18":6,"19":2,"20":2,"21":2,"22":4,"23":3,"24":7,"25":7,"26":14,"27":11,"28":3,"29":0,"30":0,"31":0,"32":3,"33":3,"34":3,"35":3,"36":0,"37":0,"38":3},"f":{"0":5,"1":3,"2":3,"3":7,"4":0,"5":3,"6":0},"b":{"0":[3],"1":[1,4],"2":[11,3],"3":[0,3],"4":[0,0]},"_coverageSchema":"43e27e138ebf9cfc5966b082cf9a028302ed4184","hash":"89fed5040fa2f2069c164be508e462e06c6b0f06"}
,"/Users/sebastien/Documents/repositories/ipad/react-native-holusion/lib/time.js": {"path":"/Users/sebastien/Documents/repositories/ipad/react-native-holusion/lib/time.js","statementMap":{"0":{"start":{"line":3,"column":21},"end":{"line":3,"column":61}},"1":{"start":{"line":3,"column":27},"end":{"line":3,"column":61}},"2":{"start":{"line":3,"column":44},"end":{"line":3,"column":60}},"3":{"start":{"line":7,"column":8},"end":{"line":7,"column":31}},"4":{"start":{"line":8,"column":8},"end":{"line":8,"column":41}},"5":{"start":{"line":9,"column":8},"end":{"line":9,"column":30}},"6":{"start":{"line":10,"column":8},"end":{"line":10,"column":22}},"7":{"start":{"line":11,"column":8},"end":{"line":11,"column":27}},"8":{"start":{"line":15,"column":8},"end":{"line":15,"column":29}},"9":{"start":{"line":16,"column":8},"end":{"line":16,"column":24}},"10":{"start":{"line":17,"column":8},"end":{"line":17,"column":29}},"11":{"start":{"line":21,"column":8},"end":{"line":21,"column":29}},"12":{"start":{"line":22,"column":8},"end":{"line":22,"column":25}},"13":{"start":{"line":23,"column":8},"end":{"line":23,"column":29}},"14":{"start":{"line":27,"column":8},"end":{"line":34,"column":25}},"15":{"start":{"line":28,"column":12},"end":{"line":30,"column":13}},"16":{"start":{"line":29,"column":16},"end":{"line":29,"column":23}},"17":{"start":{"line":31,"column":12},"end":{"line":31,"column":41}},"18":{"start":{"line":32,"column":12},"end":{"line":32,"column":34}},"19":{"start":{"line":33,"column":12},"end":{"line":33,"column":43}},"20":{"start":{"line":33,"column":29},"end":{"line":33,"column":43}}},"fnMap":{"0":{"name":"(anonymous_0)","decl":{"start":{"line":3,"column":21},"end":{"line":3,"column":22}},"loc":{"start":{"line":3,"column":27},"end":{"line":3,"column":61}},"line":3},"1":{"name":"(anonymous_1)","decl":{"start":{"line":3,"column":39},"end":{"line":3,"column":40}},"loc":{"start":{"line":3,"column":44},"end":{"line":3,"column":60}},"line":3},"2":{"name":"(anonymous_2)","decl":{"start":{"line":6,"column":4},"end":{"line":6,"column":5}},"loc":{"start":{"line":6,"column":58},"end":{"line":12,"column":5}},"line":6},"3":{"name":"(anonymous_3)","decl":{"start":{"line":14,"column":4},"end":{"line":14,"column":5}},"loc":{"start":{"line":14,"column":12},"end":{"line":18,"column":5}},"line":14},"4":{"name":"(anonymous_4)","decl":{"start":{"line":20,"column":4},"end":{"line":20,"column":5}},"loc":{"start":{"line":20,"column":12},"end":{"line":24,"column":5}},"line":20},"5":{"name":"(anonymous_5)","decl":{"start":{"line":26,"column":4},"end":{"line":26,"column":5}},"loc":{"start":{"line":26,"column":19},"end":{"line":35,"column":5}},"line":26},"6":{"name":"(anonymous_6)","decl":{"start":{"line":27,"column":19},"end":{"line":27,"column":20}},"loc":{"start":{"line":27,"column":23},"end":{"line":34,"column":9}},"line":27}},"branchMap":{"0":{"loc":{"start":{"line":6,"column":16},"end":{"line":6,"column":57}},"type":"default-arg","locations":[{"start":{"line":6,"column":55},"end":{"line":6,"column":57}}],"line":6},"1":{"loc":{"start":{"line":6,"column":17},"end":{"line":6,"column":26}},"type":"default-arg","locations":[{"start":{"line":6,"column":25},"end":{"line":6,"column":26}}],"line":6},"2":{"loc":{"start":{"line":6,"column":42},"end":{"line":6,"column":53}},"type":"default-arg","locations":[{"start":{"line":6,"column":48},"end":{"line":6,"column":53}}],"line":6},"3":{"loc":{"start":{"line":28,"column":12},"end":{"line":30,"column":13}},"type":"if","locations":[{"start":{"line":28,"column":12},"end":{"line":30,"column":13}},{"start":{"line":28,"column":12},"end":{"line":30,"column":13}}],"line":28},"4":{"loc":{"start":{"line":33,"column":12},"end":{"line":33,"column":43}},"type":"if","locations":[{"start":{"line":33,"column":12},"end":{"line":33,"column":43}},{"start":{"line":33,"column":12},"end":{"line":33,"column":43}}],"line":33}},"s":{"0":1,"1":0,"2":0,"3":4,"4":4,"5":4,"6":4,"7":4,"8":0,"9":0,"10":0,"11":8,"12":8,"13":8,"14":8,"15":8,"16":3,"17":5,"18":5,"19":5,"20":1},"f":{"0":0,"1":0,"2":4,"3":0,"4":8,"5":8,"6":8},"b":{"0":[1],"1":[3],"2":[3],"3":[3,5],"4":[1,4]},"_coverageSchema":"43e27e138ebf9cfc5966b082cf9a028302ed4184","hash":"fd0229961d492f6ee678f10c0705d17c00518347"}
,"/Users/sebastien/Documents/repositories/ipad/react-native-holusion/lib/files/cache.js": {"path":"/Users/sebastien/Documents/repositories/ipad/react-native-holusion/lib/files/cache.js","statementMap":{"0":{"start":{"line":8,"column":26},"end":{"line":12,"column":24}},"1":{"start":{"line":8,"column":31},"end":{"line":12,"column":24}},"2":{"start":{"line":12,"column":12},"end":{"line":12,"column":21}},"3":{"start":{"line":16,"column":2},"end":{"line":33,"column":4}},"4":{"start":{"line":17,"column":19},"end":{"line":17,"column":31}},"5":{"start":{"line":18,"column":18},"end":{"line":18,"column":22}},"6":{"start":{"line":19,"column":4},"end":{"line":25,"column":5}},"7":{"start":{"line":20,"column":6},"end":{"line":20,"column":45}},"8":{"start":{"line":22,"column":6},"end":{"line":24,"column":7}},"9":{"start":{"line":23,"column":8},"end":{"line":23,"column":16}},"10":{"start":{"line":26,"column":16},"end":{"line":26,"column":35}},"11":{"start":{"line":27,"column":4},"end":{"line":31,"column":5}},"12":{"start":{"line":28,"column":6},"end":{"line":30,"column":7}},"13":{"start":{"line":29,"column":8},"end":{"line":29,"column":46}},"14":{"start":{"line":32,"column":4},"end":{"line":32,"column":20}},"15":{"start":{"line":38,"column":2},"end":{"line":43,"column":3}},"16":{"start":{"line":39,"column":4},"end":{"line":39,"column":40}},"17":{"start":{"line":41,"column":4},"end":{"line":41,"column":58}},"18":{"start":{"line":42,"column":4},"end":{"line":42,"column":30}},"19":{"start":{"line":45,"column":2},"end":{"line":45,"column":30}},"20":{"start":{"line":50,"column":2},"end":{"line":61,"column":4}},"21":{"start":{"line":52,"column":4},"end":{"line":56,"column":5}},"22":{"start":{"line":53,"column":6},"end":{"line":53,"column":55}},"23":{"start":{"line":55,"column":6},"end":{"line":55,"column":76}},"24":{"start":{"line":57,"column":22},"end":{"line":57,"column":61}},"25":{"start":{"line":60,"column":4},"end":{"line":60,"column":62}},"26":{"start":{"line":65,"column":4},"end":{"line":65,"column":21}},"27":{"start":{"line":66,"column":4},"end":{"line":66,"column":91}},"28":{"start":{"line":67,"column":4},"end":{"line":67,"column":20}},"29":{"start":{"line":68,"column":4},"end":{"line":68,"column":25}},"30":{"start":{"line":70,"column":12},"end":{"line":70,"column":27}},"31":{"start":{"line":73,"column":4},"end":{"line":80,"column":5}},"32":{"start":{"line":74,"column":6},"end":{"line":74,"column":54}},"33":{"start":{"line":76,"column":6},"end":{"line":78,"column":7}},"34":{"start":{"line":77,"column":8},"end":{"line":77,"column":86}},"35":{"start":{"line":79,"column":6},"end":{"line":79,"column":15}},"36":{"start":{"line":84,"column":4},"end":{"line":84,"column":104}},"37":{"start":{"line":84,"column":20},"end":{"line":84,"column":104}},"38":{"start":{"line":85,"column":4},"end":{"line":91,"column":6}},"39":{"start":{"line":86,"column":6},"end":{"line":86,"column":30}},"40":{"start":{"line":87,"column":18},"end":{"line":87,"column":41}},"41":{"start":{"line":88,"column":24},"end":{"line":88,"column":73}},"42":{"start":{"line":90,"column":6},"end":{"line":90,"column":73}},"43":{"start":{"line":95,"column":4},"end":{"line":109,"column":6}},"44":{"start":{"line":96,"column":18},"end":{"line":96,"column":41}},"45":{"start":{"line":97,"column":19},"end":{"line":97,"column":21}},"46":{"start":{"line":97,"column":36},"end":{"line":97,"column":38}},"47":{"start":{"line":98,"column":6},"end":{"line":104,"column":7}},"48":{"start":{"line":99,"column":8},"end":{"line":103,"column":9}},"49":{"start":{"line":100,"column":10},"end":{"line":100,"column":35}},"50":{"start":{"line":102,"column":10},"end":{"line":102,"column":41}},"51":{"start":{"line":105,"column":18},"end":{"line":107,"column":12}},"52":{"start":{"line":106,"column":8},"end":{"line":106,"column":44}},"53":{"start":{"line":108,"column":6},"end":{"line":108,"column":110}},"54":{"start":{"line":113,"column":4},"end":{"line":129,"column":7}},"55":{"start":{"line":114,"column":18},"end":{"line":114,"column":41}},"56":{"start":{"line":115,"column":19},"end":{"line":115,"column":21}},"57":{"start":{"line":115,"column":36},"end":{"line":115,"column":38}},"58":{"start":{"line":116,"column":6},"end":{"line":124,"column":7}},"59":{"start":{"line":117,"column":16},"end":{"line":117,"column":59}},"60":{"start":{"line":118,"column":8},"end":{"line":123,"column":9}},"61":{"start":{"line":119,"column":10},"end":{"line":120,"column":46}},"62":{"start":{"line":119,"column":43},"end":{"line":119,"column":72}},"63":{"start":{"line":120,"column":15},"end":{"line":120,"column":46}},"64":{"start":{"line":122,"column":10},"end":{"line":122,"column":41}},"65":{"start":{"line":125,"column":21},"end":{"line":127,"column":12}},"66":{"start":{"line":126,"column":8},"end":{"line":126,"column":103}},"67":{"start":{"line":126,"column":77},"end":{"line":126,"column":96}},"68":{"start":{"line":128,"column":6},"end":{"line":128,"column":98}},"69":{"start":{"line":136,"column":29},"end":{"line":136,"column":31}},"70":{"start":{"line":137,"column":2},"end":{"line":143,"column":3}},"71":{"start":{"line":138,"column":4},"end":{"line":138,"column":41}},"72":{"start":{"line":140,"column":13},"end":{"line":140,"column":42}},"73":{"start":{"line":141,"column":4},"end":{"line":141,"column":21}},"74":{"start":{"line":142,"column":4},"end":{"line":142,"column":12}},"75":{"start":{"line":144,"column":2},"end":{"line":158,"column":3}},"76":{"start":{"line":146,"column":4},"end":{"line":157,"column":5}},"77":{"start":{"line":147,"column":6},"end":{"line":153,"column":7}},"78":{"start":{"line":147,"column":34},"end":{"line":147,"column":63}},"79":{"start":{"line":149,"column":8},"end":{"line":149,"column":37}},"80":{"start":{"line":150,"column":8},"end":{"line":150,"column":33}},"81":{"start":{"line":152,"column":8},"end":{"line":152,"column":61}},"82":{"start":{"line":154,"column":11},"end":{"line":157,"column":5}},"83":{"start":{"line":155,"column":6},"end":{"line":155,"column":35}},"84":{"start":{"line":156,"column":6},"end":{"line":156,"column":31}},"85":{"start":{"line":159,"column":2},"end":{"line":159,"column":18}},"86":{"start":{"line":163,"column":2},"end":{"line":167,"column":5}},"87":{"start":{"line":164,"column":4},"end":{"line":164,"column":32}},"88":{"start":{"line":165,"column":21},"end":{"line":165,"column":63}},"89":{"start":{"line":166,"column":4},"end":{"line":166,"column":39}}},"fnMap":{"0":{"name":"(anonymous_0)","decl":{"start":{"line":8,"column":26},"end":{"line":8,"column":27}},"loc":{"start":{"line":8,"column":31},"end":{"line":12,"column":24}},"line":8},"1":{"name":"(anonymous_1)","decl":{"start":{"line":12,"column":6},"end":{"line":12,"column":7}},"loc":{"start":{"line":12,"column":12},"end":{"line":12,"column":21}},"line":12},"2":{"name":"getCacheFiles","decl":{"start":{"line":15,"column":22},"end":{"line":15,"column":35}},"loc":{"start":{"line":15,"column":37},"end":{"line":34,"column":1}},"line":15},"3":{"name":"(anonymous_3)","decl":{"start":{"line":16,"column":42},"end":{"line":16,"column":43}},"loc":{"start":{"line":16,"column":52},"end":{"line":33,"column":3}},"line":16},"4":{"name":"getCachedHash","decl":{"start":{"line":36,"column":22},"end":{"line":36,"column":35}},"loc":{"start":{"line":36,"column":41},"end":{"line":46,"column":1}},"line":36},"5":{"name":"saveCacheFile","decl":{"start":{"line":49,"column":22},"end":{"line":49,"column":35}},"loc":{"start":{"line":49,"column":47},"end":{"line":62,"column":1}},"line":49},"6":{"name":"(anonymous_6)","decl":{"start":{"line":50,"column":42},"end":{"line":50,"column":43}},"loc":{"start":{"line":50,"column":52},"end":{"line":61,"column":3}},"line":50},"7":{"name":"(anonymous_7)","decl":{"start":{"line":64,"column":2},"end":{"line":64,"column":3}},"loc":{"start":{"line":64,"column":19},"end":{"line":69,"column":3}},"line":64},"8":{"name":"(anonymous_8)","decl":{"start":{"line":70,"column":2},"end":{"line":70,"column":3}},"loc":{"start":{"line":70,"column":10},"end":{"line":70,"column":28}},"line":70},"9":{"name":"(anonymous_9)","decl":{"start":{"line":71,"column":2},"end":{"line":71,"column":3}},"loc":{"start":{"line":71,"column":21},"end":{"line":81,"column":3}},"line":71},"10":{"name":"(anonymous_10)","decl":{"start":{"line":83,"column":2},"end":{"line":83,"column":3}},"loc":{"start":{"line":83,"column":29},"end":{"line":92,"column":3}},"line":83},"11":{"name":"(anonymous_11)","decl":{"start":{"line":85,"column":44},"end":{"line":85,"column":45}},"loc":{"start":{"line":85,"column":54},"end":{"line":91,"column":5}},"line":85},"12":{"name":"(anonymous_12)","decl":{"start":{"line":94,"column":2},"end":{"line":94,"column":3}},"loc":{"start":{"line":94,"column":15},"end":{"line":110,"column":3}},"line":94},"13":{"name":"(anonymous_13)","decl":{"start":{"line":95,"column":44},"end":{"line":95,"column":45}},"loc":{"start":{"line":95,"column":54},"end":{"line":109,"column":5}},"line":95},"14":{"name":"(anonymous_14)","decl":{"start":{"line":105,"column":39},"end":{"line":105,"column":40}},"loc":{"start":{"line":105,"column":56},"end":{"line":107,"column":7}},"line":105},"15":{"name":"(anonymous_15)","decl":{"start":{"line":112,"column":2},"end":{"line":112,"column":3}},"loc":{"start":{"line":112,"column":25},"end":{"line":130,"column":3}},"line":112},"16":{"name":"(anonymous_16)","decl":{"start":{"line":113,"column":44},"end":{"line":113,"column":45}},"loc":{"start":{"line":113,"column":54},"end":{"line":129,"column":5}},"line":113},"17":{"name":"(anonymous_17)","decl":{"start":{"line":125,"column":48},"end":{"line":125,"column":49}},"loc":{"start":{"line":125,"column":60},"end":{"line":127,"column":7}},"line":125},"18":{"name":"(anonymous_18)","decl":{"start":{"line":126,"column":68},"end":{"line":126,"column":69}},"loc":{"start":{"line":126,"column":77},"end":{"line":126,"column":96}},"line":126},"19":{"name":"doClean","decl":{"start":{"line":135,"column":15},"end":{"line":135,"column":22}},"loc":{"start":{"line":135,"column":37},"end":{"line":160,"column":1}},"line":135},"20":{"name":"(anonymous_20)","decl":{"start":{"line":147,"column":26},"end":{"line":147,"column":27}},"loc":{"start":{"line":147,"column":34},"end":{"line":147,"column":63}},"line":147},"21":{"name":"cleanup","decl":{"start":{"line":162,"column":22},"end":{"line":162,"column":29}},"loc":{"start":{"line":162,"column":61},"end":{"line":168,"column":1}},"line":162},"22":{"name":"(anonymous_22)","decl":{"start":{"line":163,"column":39},"end":{"line":163,"column":40}},"loc":{"start":{"line":163,"column":51},"end":{"line":167,"column":3}},"line":163}},"branchMap":{"0":{"loc":{"start":{"line":22,"column":6},"end":{"line":24,"column":7}},"type":"if","locations":[{"start":{"line":22,"column":6},"end":{"line":24,"column":7}},{"start":{"line":22,"column":6},"end":{"line":24,"column":7}}],"line":22},"1":{"loc":{"start":{"line":76,"column":6},"end":{"line":78,"column":7}},"type":"if","locations":[{"start":{"line":76,"column":6},"end":{"line":78,"column":7}},{"start":{"line":76,"column":6},"end":{"line":78,"column":7}}],"line":76},"2":{"loc":{"start":{"line":83,"column":18},"end":{"line":83,"column":28}},"type":"default-arg","locations":[{"start":{"line":83,"column":24},"end":{"line":83,"column":28}}],"line":83},"3":{"loc":{"start":{"line":84,"column":4},"end":{"line":84,"column":104}},"type":"if","locations":[{"start":{"line":84,"column":4},"end":{"line":84,"column":104}},{"start":{"line":84,"column":4},"end":{"line":84,"column":104}}],"line":84},"4":{"loc":{"start":{"line":99,"column":8},"end":{"line":103,"column":9}},"type":"if","locations":[{"start":{"line":99,"column":8},"end":{"line":103,"column":9}},{"start":{"line":99,"column":8},"end":{"line":103,"column":9}}],"line":99},"5":{"loc":{"start":{"line":118,"column":8},"end":{"line":123,"column":9}},"type":"if","locations":[{"start":{"line":118,"column":8},"end":{"line":123,"column":9}},{"start":{"line":118,"column":8},"end":{"line":123,"column":9}}],"line":118},"6":{"loc":{"start":{"line":119,"column":10},"end":{"line":120,"column":46}},"type":"if","locations":[{"start":{"line":119,"column":10},"end":{"line":120,"column":46}},{"start":{"line":119,"column":10},"end":{"line":120,"column":46}}],"line":119},"7":{"loc":{"start":{"line":146,"column":4},"end":{"line":157,"column":5}},"type":"if","locations":[{"start":{"line":146,"column":4},"end":{"line":157,"column":5}},{"start":{"line":146,"column":4},"end":{"line":157,"column":5}}],"line":146},"8":{"loc":{"start":{"line":147,"column":6},"end":{"line":153,"column":7}},"type":"if","locations":[{"start":{"line":147,"column":6},"end":{"line":153,"column":7}},{"start":{"line":147,"column":6},"end":{"line":153,"column":7}}],"line":147},"9":{"loc":{"start":{"line":154,"column":11},"end":{"line":157,"column":5}},"type":"if","locations":[{"start":{"line":154,"column":11},"end":{"line":157,"column":5}},{"start":{"line":154,"column":11},"end":{"line":157,"column":5}}],"line":154},"10":{"loc":{"start":{"line":162,"column":30},"end":{"line":162,"column":49}},"type":"default-arg","locations":[{"start":{"line":162,"column":36},"end":{"line":162,"column":49}}],"line":162}},"s":{"0":4,"1":12,"2":36,"3":10,"4":10,"5":10,"6":10,"7":10,"8":2,"9":0,"10":10,"11":7,"12":5,"13":5,"14":7,"15":3,"16":3,"17":2,"18":2,"19":3,"20":0,"21":0,"22":0,"23":0,"24":0,"25":0,"26":7,"27":7,"28":7,"29":7,"30":10,"31":17,"32":17,"33":2,"34":0,"35":2,"36":7,"37":0,"38":7,"39":7,"40":7,"41":7,"42":7,"43":3,"44":3,"45":3,"46":3,"47":3,"48":6,"49":3,"50":3,"51":3,"52":3,"53":3,"54":7,"55":7,"56":7,"57":7,"58":7,"59":7,"60":7,"61":2,"62":2,"63":0,"64":5,"65":7,"66":2,"67":2,"68":7,"69":6,"70":6,"71":6,"72":1,"73":1,"74":1,"75":5,"76":8,"77":2,"78":8,"79":1,"80":1,"81":1,"82":6,"83":2,"84":2,"85":5,"86":5,"87":5,"88":5,"89":5},"f":{"0":12,"1":36,"2":10,"3":10,"4":3,"5":0,"6":0,"7":7,"8":10,"9":17,"10":7,"11":7,"12":3,"13":3,"14":3,"15":7,"16":7,"17":2,"18":2,"19":6,"20":8,"21":5,"22":5},"b":{"0":[0,2],"1":[0,2],"2":[0],"3":[0,7],"4":[3,3],"5":[2,5],"6":[2,0],"7":[2,6],"8":[1,1],"9":[2,4],"10":[5]},"_coverageSchema":"43e27e138ebf9cfc5966b082cf9a028302ed4184","hash":"6c0430a4325ab0fad87d89941ca71855f06c858a"}
,"/Users/sebastien/Documents/repositories/ipad/react-native-holusion/lib/files/index.js": {"path":"/Users/sebastien/Documents/repositories/ipad/react-native-holusion/lib/files/index.js","statementMap":{},"fnMap":{},"branchMap":{},"s":{},"f":{},"b":{},"_coverageSchema":"43e27e138ebf9cfc5966b082cf9a028302ed4184","hash":"af0cf5fcc96d2ebb3c7d371e36e956e9bcf813f4"}
,"/Users/sebastien/Documents/repositories/ipad/react-native-holusion/lib/files/makeLocal.js": {"path":"/Users/sebastien/Documents/repositories/ipad/react-native-holusion/lib/files/makeLocal.js","statementMap":{"0":{"start":{"line":9,"column":17},"end":{"line":9,"column":19}},"1":{"start":{"line":10,"column":15},"end":{"line":10,"column":17}},"2":{"start":{"line":11,"column":22},"end":{"line":11,"column":51}},"3":{"start":{"line":11,"column":27},"end":{"line":11,"column":51}},"4":{"start":{"line":12,"column":2},"end":{"line":56,"column":3}},"5":{"start":{"line":13,"column":4},"end":{"line":13,"column":29}},"6":{"start":{"line":13,"column":23},"end":{"line":13,"column":29}},"7":{"start":{"line":14,"column":4},"end":{"line":55,"column":5}},"8":{"start":{"line":15,"column":18},"end":{"line":15,"column":46}},"9":{"start":{"line":16,"column":19},"end":{"line":16,"column":27}},"10":{"start":{"line":17,"column":19},"end":{"line":17,"column":44}},"11":{"start":{"line":18,"column":6},"end":{"line":18,"column":41}},"12":{"start":{"line":23,"column":10},"end":{"line":27,"column":8}},"13":{"start":{"line":28,"column":6},"end":{"line":28,"column":31}},"14":{"start":{"line":28,"column":25},"end":{"line":28,"column":31}},"15":{"start":{"line":30,"column":6},"end":{"line":43,"column":7}},"16":{"start":{"line":31,"column":8},"end":{"line":31,"column":74}},"17":{"start":{"line":32,"column":8},"end":{"line":40,"column":9}},"18":{"start":{"line":33,"column":10},"end":{"line":33,"column":38}},"19":{"start":{"line":35,"column":10},"end":{"line":39,"column":11}},"20":{"start":{"line":36,"column":12},"end":{"line":36,"column":96}},"21":{"start":{"line":38,"column":12},"end":{"line":38,"column":81}},"22":{"start":{"line":42,"column":8},"end":{"line":42,"column":44}},"23":{"start":{"line":45,"column":6},"end":{"line":47,"column":7}},"24":{"start":{"line":46,"column":8},"end":{"line":46,"column":33}},"25":{"start":{"line":49,"column":6},"end":{"line":49,"column":32}},"26":{"start":{"line":51,"column":11},"end":{"line":55,"column":5}},"27":{"start":{"line":52,"column":41},"end":{"line":52,"column":64}},"28":{"start":{"line":53,"column":6},"end":{"line":53,"column":41}},"29":{"start":{"line":54,"column":6},"end":{"line":54,"column":55}},"30":{"start":{"line":57,"column":2},"end":{"line":57,"column":28}}},"fnMap":{"0":{"name":"makeLocal","decl":{"start":{"line":8,"column":22},"end":{"line":8,"column":31}},"loc":{"start":{"line":8,"column":97},"end":{"line":58,"column":1}},"line":8},"1":{"name":"(anonymous_1)","decl":{"start":{"line":8,"column":50},"end":{"line":8,"column":51}},"loc":{"start":{"line":8,"column":62},"end":{"line":8,"column":65}},"line":8},"2":{"name":"(anonymous_2)","decl":{"start":{"line":11,"column":22},"end":{"line":11,"column":23}},"loc":{"start":{"line":11,"column":27},"end":{"line":11,"column":51}},"line":11}},"branchMap":{"0":{"loc":{"start":{"line":8,"column":35},"end":{"line":8,"column":95}},"type":"default-arg","locations":[{"start":{"line":8,"column":93},"end":{"line":8,"column":95}}],"line":8},"1":{"loc":{"start":{"line":8,"column":37},"end":{"line":8,"column":65}},"type":"default-arg","locations":[{"start":{"line":8,"column":50},"end":{"line":8,"column":65}}],"line":8},"2":{"loc":{"start":{"line":8,"column":67},"end":{"line":8,"column":80}},"type":"default-arg","locations":[{"start":{"line":8,"column":75},"end":{"line":8,"column":80}}],"line":8},"3":{"loc":{"start":{"line":11,"column":27},"end":{"line":11,"column":51}},"type":"binary-expr","locations":[{"start":{"line":11,"column":27},"end":{"line":11,"column":33}},{"start":{"line":11,"column":37},"end":{"line":11,"column":51}}],"line":11},"4":{"loc":{"start":{"line":13,"column":4},"end":{"line":13,"column":29}},"type":"if","locations":[{"start":{"line":13,"column":4},"end":{"line":13,"column":29}},{"start":{"line":13,"column":4},"end":{"line":13,"column":29}}],"line":13},"5":{"loc":{"start":{"line":14,"column":4},"end":{"line":55,"column":5}},"type":"if","locations":[{"start":{"line":14,"column":4},"end":{"line":55,"column":5}},{"start":{"line":14,"column":4},"end":{"line":55,"column":5}}],"line":14},"6":{"loc":{"start":{"line":14,"column":8},"end":{"line":14,"column":109}},"type":"binary-expr","locations":[{"start":{"line":14,"column":8},"end":{"line":14,"column":34}},{"start":{"line":14,"column":38},"end":{"line":14,"column":66}},{"start":{"line":14,"column":70},"end":{"line":14,"column":91}},{"start":{"line":14,"column":95},"end":{"line":14,"column":109}}],"line":14},"7":{"loc":{"start":{"line":25,"column":9},"end":{"line":25,"column":80}},"type":"cond-expr","locations":[{"start":{"line":25,"column":27},"end":{"line":25,"column":58}},{"start":{"line":25,"column":61},"end":{"line":25,"column":80}}],"line":25},"8":{"loc":{"start":{"line":28,"column":6},"end":{"line":28,"column":31}},"type":"if","locations":[{"start":{"line":28,"column":6},"end":{"line":28,"column":31}},{"start":{"line":28,"column":6},"end":{"line":28,"column":31}}],"line":28},"9":{"loc":{"start":{"line":30,"column":6},"end":{"line":43,"column":7}},"type":"if","locations":[{"start":{"line":30,"column":6},"end":{"line":43,"column":7}},{"start":{"line":30,"column":6},"end":{"line":43,"column":7}}],"line":30},"10":{"loc":{"start":{"line":30,"column":13},"end":{"line":30,"column":55}},"type":"binary-expr","locations":[{"start":{"line":30,"column":13},"end":{"line":30,"column":19}},{"start":{"line":30,"column":23},"end":{"line":30,"column":30}},{"start":{"line":30,"column":34},"end":{"line":30,"column":55}}],"line":30},"11":{"loc":{"start":{"line":35,"column":10},"end":{"line":39,"column":11}},"type":"if","locations":[{"start":{"line":35,"column":10},"end":{"line":39,"column":11}},{"start":{"line":35,"column":10},"end":{"line":39,"column":11}}],"line":35},"12":{"loc":{"start":{"line":45,"column":6},"end":{"line":47,"column":7}},"type":"if","locations":[{"start":{"line":45,"column":6},"end":{"line":47,"column":7}},{"start":{"line":45,"column":6},"end":{"line":47,"column":7}}],"line":45},"13":{"loc":{"start":{"line":51,"column":11},"end":{"line":55,"column":5}},"type":"if","locations":[{"start":{"line":51,"column":11},"end":{"line":55,"column":5}},{"start":{"line":51,"column":11},"end":{"line":55,"column":5}}],"line":51}},"s":{"0":2,"1":2,"2":2,"3":3,"4":2,"5":2,"6":0,"7":2,"8":1,"9":1,"10":1,"11":1,"12":1,"13":1,"14":0,"15":1,"16":1,"17":1,"18":1,"19":0,"20":0,"21":0,"22":0,"23":1,"24":0,"25":1,"26":1,"27":0,"28":0,"29":0,"30":2},"f":{"0":2,"1":0,"2":3},"b":{"0":[1],"1":[1],"2":[2],"3":[3,0],"4":[0,2],"5":[1,1],"6":[2,2,1,1],"7":[0,1],"8":[0,1],"9":[1,0],"10":[1,1,0],"11":[0,0],"12":[0,1],"13":[0,1]},"_coverageSchema":"43e27e138ebf9cfc5966b082cf9a028302ed4184","hash":"58888fc55ffeaa11154379463976397cc3391548"}
,"/Users/sebastien/Documents/repositories/ipad/react-native-holusion/lib/files/path.js": {"path":"/Users/sebastien/Documents/repositories/ipad/react-native-holusion/lib/files/path.js","statementMap":{"0":{"start":{"line":3,"column":27},"end":{"line":3,"column":62}},"1":{"start":{"line":3,"column":31},"end":{"line":3,"column":62}},"2":{"start":{"line":4,"column":26},"end":{"line":4,"column":68}},"3":{"start":{"line":4,"column":30},"end":{"line":4,"column":68}},"4":{"start":{"line":6,"column":29},"end":{"line":6,"column":58}},"5":{"start":{"line":6,"column":34},"end":{"line":6,"column":58}},"6":{"start":{"line":10,"column":2},"end":{"line":10,"column":93}},"7":{"start":{"line":10,"column":32},"end":{"line":10,"column":93}},"8":{"start":{"line":11,"column":2},"end":{"line":11,"column":38}}},"fnMap":{"0":{"name":"(anonymous_0)","decl":{"start":{"line":3,"column":27},"end":{"line":3,"column":28}},"loc":{"start":{"line":3,"column":31},"end":{"line":3,"column":62}},"line":3},"1":{"name":"(anonymous_1)","decl":{"start":{"line":4,"column":26},"end":{"line":4,"column":27}},"loc":{"start":{"line":4,"column":30},"end":{"line":4,"column":68}},"line":4},"2":{"name":"(anonymous_2)","decl":{"start":{"line":6,"column":29},"end":{"line":6,"column":30}},"loc":{"start":{"line":6,"column":34},"end":{"line":6,"column":58}},"line":6},"3":{"name":"filename","decl":{"start":{"line":9,"column":16},"end":{"line":9,"column":24}},"loc":{"start":{"line":9,"column":31},"end":{"line":12,"column":1}},"line":9}},"branchMap":{"0":{"loc":{"start":{"line":10,"column":2},"end":{"line":10,"column":93}},"type":"if","locations":[{"start":{"line":10,"column":2},"end":{"line":10,"column":93}},{"start":{"line":10,"column":2},"end":{"line":10,"column":93}}],"line":10}},"s":{"0":6,"1":0,"2":6,"3":1,"4":6,"5":0,"6":19,"7":0,"8":19},"f":{"0":0,"1":1,"2":0,"3":19},"b":{"0":[0,19]},"_coverageSchema":"43e27e138ebf9cfc5966b082cf9a028302ed4184","hash":"fcab6e77a64c0bb2ba8118644ca5fec39ca09f49"}
,"/Users/sebastien/Documents/repositories/ipad/react-native-holusion/lib/files/readWrite.js": {"path":"/Users/sebastien/Documents/repositories/ipad/react-native-holusion/lib/files/readWrite.js","statementMap":{"0":{"start":{"line":5,"column":20},"end":{"line":5,"column":52}},"1":{"start":{"line":11,"column":4},"end":{"line":11,"column":19}},"2":{"start":{"line":12,"column":4},"end":{"line":12,"column":33}},"3":{"start":{"line":13,"column":4},"end":{"line":13,"column":21}},"4":{"start":{"line":18,"column":2},"end":{"line":18,"column":98}},"5":{"start":{"line":18,"column":48},"end":{"line":18,"column":97}},"6":{"start":{"line":22,"column":2},"end":{"line":29,"column":5}},"7":{"start":{"line":23,"column":4},"end":{"line":28,"column":5}},"8":{"start":{"line":25,"column":6},"end":{"line":25,"column":69}},"9":{"start":{"line":27,"column":6},"end":{"line":27,"column":65}}},"fnMap":{"0":{"name":"(anonymous_0)","decl":{"start":{"line":10,"column":2},"end":{"line":10,"column":3}},"loc":{"start":{"line":10,"column":41},"end":{"line":14,"column":3}},"line":10},"1":{"name":"loadFile","decl":{"start":{"line":17,"column":22},"end":{"line":17,"column":30}},"loc":{"start":{"line":17,"column":37},"end":{"line":19,"column":1}},"line":17},"2":{"name":"(anonymous_2)","decl":{"start":{"line":18,"column":42},"end":{"line":18,"column":43}},"loc":{"start":{"line":18,"column":48},"end":{"line":18,"column":97}},"line":18},"3":{"name":"saveFile","decl":{"start":{"line":21,"column":22},"end":{"line":21,"column":30}},"loc":{"start":{"line":21,"column":43},"end":{"line":30,"column":1}},"line":21},"4":{"name":"(anonymous_4)","decl":{"start":{"line":22,"column":35},"end":{"line":22,"column":36}},"loc":{"start":{"line":22,"column":47},"end":{"line":29,"column":3}},"line":22}},"branchMap":{},"s":{"0":6,"1":1,"2":1,"3":1,"4":28,"5":28,"6":17,"7":17,"8":17,"9":0},"f":{"0":1,"1":28,"2":28,"3":17,"4":17},"b":{},"_coverageSchema":"43e27e138ebf9cfc5966b082cf9a028302ed4184","hash":"05d17d012843f99024c9ec94b5a672c5aa90604c"}
,"/Users/sebastien/Documents/repositories/ipad/react-native-holusion/lib/files/upload.js": {"path":"/Users/sebastien/Documents/repositories/ipad/react-native-holusion/lib/files/upload.js","statementMap":{"0":{"start":{"line":9,"column":26},"end":{"line":22,"column":4}},"1":{"start":{"line":10,"column":16},"end":{"line":14,"column":6}},"2":{"start":{"line":11,"column":6},"end":{"line":11,"column":45}},"3":{"start":{"line":11,"column":32},"end":{"line":11,"column":45}},"4":{"start":{"line":12,"column":6},"end":{"line":12,"column":68}},"5":{"start":{"line":12,"column":55},"end":{"line":12,"column":68}},"6":{"start":{"line":13,"column":6},"end":{"line":13,"column":73}},"7":{"start":{"line":15,"column":4},"end":{"line":21,"column":5}},"8":{"start":{"line":16,"column":6},"end":{"line":16,"column":19}},"9":{"start":{"line":17,"column":11},"end":{"line":21,"column":5}},"10":{"start":{"line":17,"column":40},"end":{"line":17,"column":80}},"11":{"start":{"line":18,"column":6},"end":{"line":18,"column":19}},"12":{"start":{"line":20,"column":6},"end":{"line":20,"column":18}},"13":{"start":{"line":24,"column":16},"end":{"line":26,"column":4}},"14":{"start":{"line":25,"column":4},"end":{"line":25,"column":74}},"15":{"start":{"line":25,"column":44},"end":{"line":25,"column":63}},"16":{"start":{"line":27,"column":2},"end":{"line":27,"column":100}},"17":{"start":{"line":27,"column":25},"end":{"line":27,"column":100}},"18":{"start":{"line":27,"column":80},"end":{"line":27,"column":86}},"19":{"start":{"line":29,"column":2},"end":{"line":29,"column":25}},"20":{"start":{"line":33,"column":26},"end":{"line":33,"column":47}},"21":{"start":{"line":34,"column":2},"end":{"line":36,"column":3}},"22":{"start":{"line":35,"column":4},"end":{"line":35,"column":88}},"23":{"start":{"line":37,"column":2},"end":{"line":39,"column":3}},"24":{"start":{"line":38,"column":4},"end":{"line":38,"column":90}},"25":{"start":{"line":40,"column":2},"end":{"line":40,"column":73}},"26":{"start":{"line":41,"column":14},"end":{"line":41,"column":36}},"27":{"start":{"line":42,"column":13},"end":{"line":133,"column":4}},"28":{"start":{"line":47,"column":17},"end":{"line":47,"column":31}},"29":{"start":{"line":49,"column":18},"end":{"line":49,"column":20}},"30":{"start":{"line":50,"column":19},"end":{"line":50,"column":21}},"31":{"start":{"line":51,"column":4},"end":{"line":53,"column":5}},"32":{"start":{"line":52,"column":6},"end":{"line":52,"column":75}},"33":{"start":{"line":54,"column":4},"end":{"line":60,"column":5}},"34":{"start":{"line":55,"column":6},"end":{"line":59,"column":8}},"35":{"start":{"line":62,"column":4},"end":{"line":62,"column":83}},"36":{"start":{"line":64,"column":31},"end":{"line":64,"column":33}},"37":{"start":{"line":66,"column":4},"end":{"line":74,"column":5}},"38":{"start":{"line":67,"column":19},"end":{"line":67,"column":46}},"39":{"start":{"line":68,"column":6},"end":{"line":68,"column":75}},"40":{"start":{"line":69,"column":6},"end":{"line":73,"column":7}},"41":{"start":{"line":70,"column":16},"end":{"line":70,"column":63}},"42":{"start":{"line":71,"column":8},"end":{"line":71,"column":30}},"43":{"start":{"line":72,"column":8},"end":{"line":72,"column":16}},"44":{"start":{"line":76,"column":27},"end":{"line":76,"column":63}},"45":{"start":{"line":77,"column":4},"end":{"line":77,"column":73}},"46":{"start":{"line":78,"column":4},"end":{"line":91,"column":5}},"47":{"start":{"line":79,"column":6},"end":{"line":90,"column":7}},"48":{"start":{"line":80,"column":8},"end":{"line":83,"column":9}},"49":{"start":{"line":80,"column":27},"end":{"line":80,"column":46}},"50":{"start":{"line":81,"column":10},"end":{"line":81,"column":89}},"51":{"start":{"line":82,"column":10},"end":{"line":82,"column":106}},"52":{"start":{"line":84,"column":8},"end":{"line":84,"column":84}},"53":{"start":{"line":85,"column":8},"end":{"line":85,"column":60}},"54":{"start":{"line":87,"column":8},"end":{"line":87,"column":45}},"55":{"start":{"line":87,"column":37},"end":{"line":87,"column":45}},"56":{"start":{"line":88,"column":8},"end":{"line":88,"column":24}},"57":{"start":{"line":89,"column":8},"end":{"line":89,"column":23}},"58":{"start":{"line":93,"column":4},"end":{"line":101,"column":5}},"59":{"start":{"line":94,"column":6},"end":{"line":94,"column":38}},"60":{"start":{"line":96,"column":6},"end":{"line":96,"column":37}},"61":{"start":{"line":97,"column":6},"end":{"line":97,"column":88}},"62":{"start":{"line":97,"column":57},"end":{"line":97,"column":75}},"63":{"start":{"line":98,"column":6},"end":{"line":100,"column":7}},"64":{"start":{"line":99,"column":8},"end":{"line":99,"column":63}},"65":{"start":{"line":103,"column":4},"end":{"line":118,"column":5}},"66":{"start":{"line":104,"column":27},"end":{"line":106,"column":8}},"67":{"start":{"line":105,"column":8},"end":{"line":105,"column":63}},"68":{"start":{"line":105,"column":38},"end":{"line":105,"column":54}},"69":{"start":{"line":107,"column":6},"end":{"line":115,"column":7}},"70":{"start":{"line":108,"column":8},"end":{"line":114,"column":9}},"71":{"start":{"line":109,"column":10},"end":{"line":109,"column":106}},"72":{"start":{"line":111,"column":10},"end":{"line":111,"column":46}},"73":{"start":{"line":111,"column":38},"end":{"line":111,"column":46}},"74":{"start":{"line":112,"column":10},"end":{"line":112,"column":26}},"75":{"start":{"line":113,"column":10},"end":{"line":113,"column":25}},"76":{"start":{"line":116,"column":14},"end":{"line":116,"column":48}},"77":{"start":{"line":117,"column":6},"end":{"line":117,"column":84}},"78":{"start":{"line":121,"column":4},"end":{"line":124,"column":5}},"79":{"start":{"line":122,"column":6},"end":{"line":122,"column":40}},"80":{"start":{"line":123,"column":6},"end":{"line":123,"column":123}},"81":{"start":{"line":123,"column":75},"end":{"line":123,"column":107}},"82":{"start":{"line":125,"column":4},"end":{"line":125,"column":51}},"83":{"start":{"line":128,"column":4},"end":{"line":130,"column":5}},"84":{"start":{"line":129,"column":6},"end":{"line":129,"column":63}},"85":{"start":{"line":131,"column":4},"end":{"line":131,"column":39}},"86":{"start":{"line":132,"column":4},"end":{"line":132,"column":76}},"87":{"start":{"line":135,"column":2},"end":{"line":135,"column":59}},"88":{"start":{"line":140,"column":2},"end":{"line":143,"column":3}},"89":{"start":{"line":141,"column":4},"end":{"line":141,"column":55}},"90":{"start":{"line":142,"column":4},"end":{"line":142,"column":58}},"91":{"start":{"line":144,"column":15},"end":{"line":144,"column":29}},"92":{"start":{"line":145,"column":2},"end":{"line":145,"column":28}},"93":{"start":{"line":146,"column":2},"end":{"line":194,"column":3}},"94":{"start":{"line":147,"column":19},"end":{"line":155,"column":6}},"95":{"start":{"line":156,"column":15},"end":{"line":156,"column":36}},"96":{"start":{"line":157,"column":4},"end":{"line":164,"column":5}},"97":{"start":{"line":158,"column":6},"end":{"line":163,"column":7}},"98":{"start":{"line":159,"column":8},"end":{"line":159,"column":38}},"99":{"start":{"line":160,"column":8},"end":{"line":160,"column":119}},"100":{"start":{"line":162,"column":8},"end":{"line":162,"column":59}},"101":{"start":{"line":165,"column":4},"end":{"line":190,"column":5}},"102":{"start":{"line":166,"column":6},"end":{"line":181,"column":9}},"103":{"start":{"line":182,"column":6},"end":{"line":182,"column":35}},"104":{"start":{"line":183,"column":6},"end":{"line":189,"column":7}},"105":{"start":{"line":184,"column":8},"end":{"line":188,"column":9}},"106":{"start":{"line":185,"column":10},"end":{"line":185,"column":121}},"107":{"start":{"line":187,"column":10},"end":{"line":187,"column":98}},"108":{"start":{"line":192,"column":4},"end":{"line":192,"column":41}},"109":{"start":{"line":192,"column":33},"end":{"line":192,"column":41}},"110":{"start":{"line":193,"column":4},"end":{"line":193,"column":45}}},"fnMap":{"0":{"name":"dedupeList","decl":{"start":{"line":7,"column":16},"end":{"line":7,"column":26}},"loc":{"start":{"line":7,"column":47},"end":{"line":30,"column":1}},"line":7},"1":{"name":"(anonymous_1)","decl":{"start":{"line":9,"column":41},"end":{"line":9,"column":42}},"loc":{"start":{"line":9,"column":58},"end":{"line":22,"column":3}},"line":9},"2":{"name":"(anonymous_2)","decl":{"start":{"line":10,"column":31},"end":{"line":10,"column":32}},"loc":{"start":{"line":10,"column":38},"end":{"line":14,"column":5}},"line":10},"3":{"name":"(anonymous_3)","decl":{"start":{"line":17,"column":33},"end":{"line":17,"column":34}},"loc":{"start":{"line":17,"column":40},"end":{"line":17,"column":80}},"line":17},"4":{"name":"(anonymous_4)","decl":{"start":{"line":24,"column":39},"end":{"line":24,"column":40}},"loc":{"start":{"line":24,"column":56},"end":{"line":26,"column":3}},"line":24},"5":{"name":"(anonymous_5)","decl":{"start":{"line":25,"column":37},"end":{"line":25,"column":38}},"loc":{"start":{"line":25,"column":44},"end":{"line":25,"column":63}},"line":25},"6":{"name":"(anonymous_6)","decl":{"start":{"line":27,"column":75},"end":{"line":27,"column":76}},"loc":{"start":{"line":27,"column":80},"end":{"line":27,"column":86}},"line":27},"7":{"name":"sendFiles","decl":{"start":{"line":32,"column":16},"end":{"line":32,"column":25}},"loc":{"start":{"line":32,"column":138},"end":{"line":136,"column":1}},"line":32},"8":{"name":"(anonymous_8)","decl":{"start":{"line":46,"column":8},"end":{"line":46,"column":9}},"loc":{"start":{"line":46,"column":19},"end":{"line":127,"column":3}},"line":46},"9":{"name":"(anonymous_9)","decl":{"start":{"line":80,"column":22},"end":{"line":80,"column":23}},"loc":{"start":{"line":80,"column":27},"end":{"line":80,"column":46}},"line":80},"10":{"name":"(anonymous_10)","decl":{"start":{"line":97,"column":51},"end":{"line":97,"column":52}},"loc":{"start":{"line":97,"column":57},"end":{"line":97,"column":75}},"line":97},"11":{"name":"(anonymous_11)","decl":{"start":{"line":104,"column":39},"end":{"line":104,"column":40}},"loc":{"start":{"line":104,"column":46},"end":{"line":106,"column":7}},"line":104},"12":{"name":"(anonymous_12)","decl":{"start":{"line":105,"column":33},"end":{"line":105,"column":34}},"loc":{"start":{"line":105,"column":38},"end":{"line":105,"column":54}},"line":105},"13":{"name":"(anonymous_13)","decl":{"start":{"line":123,"column":70},"end":{"line":123,"column":71}},"loc":{"start":{"line":123,"column":75},"end":{"line":123,"column":107}},"line":123},"14":{"name":"(anonymous_14)","decl":{"start":{"line":127,"column":11},"end":{"line":127,"column":12}},"loc":{"start":{"line":127,"column":16},"end":{"line":133,"column":3}},"line":127},"15":{"name":"uploadFile","decl":{"start":{"line":138,"column":22},"end":{"line":138,"column":32}},"loc":{"start":{"line":138,"column":52},"end":{"line":195,"column":1}},"line":138}},"branchMap":{"0":{"loc":{"start":{"line":7,"column":36},"end":{"line":7,"column":45}},"type":"default-arg","locations":[{"start":{"line":7,"column":43},"end":{"line":7,"column":45}}],"line":7},"1":{"loc":{"start":{"line":11,"column":6},"end":{"line":11,"column":45}},"type":"if","locations":[{"start":{"line":11,"column":6},"end":{"line":11,"column":45}},{"start":{"line":11,"column":6},"end":{"line":11,"column":45}}],"line":11},"2":{"loc":{"start":{"line":12,"column":6},"end":{"line":12,"column":68}},"type":"if","locations":[{"start":{"line":12,"column":6},"end":{"line":12,"column":68}},{"start":{"line":12,"column":6},"end":{"line":12,"column":68}}],"line":12},"3":{"loc":{"start":{"line":12,"column":10},"end":{"line":12,"column":53}},"type":"binary-expr","locations":[{"start":{"line":12,"column":10},"end":{"line":12,"column":36}},{"start":{"line":12,"column":40},"end":{"line":12,"column":53}}],"line":12},"4":{"loc":{"start":{"line":15,"column":4},"end":{"line":21,"column":5}},"type":"if","locations":[{"start":{"line":15,"column":4},"end":{"line":21,"column":5}},{"start":{"line":15,"column":4},"end":{"line":21,"column":5}}],"line":15},"5":{"loc":{"start":{"line":17,"column":11},"end":{"line":21,"column":5}},"type":"if","locations":[{"start":{"line":17,"column":11},"end":{"line":21,"column":5}},{"start":{"line":17,"column":11},"end":{"line":21,"column":5}}],"line":17},"6":{"loc":{"start":{"line":17,"column":40},"end":{"line":17,"column":80}},"type":"binary-expr","locations":[{"start":{"line":17,"column":40},"end":{"line":17,"column":59}},{"start":{"line":17,"column":63},"end":{"line":17,"column":80}}],"line":17},"7":{"loc":{"start":{"line":27,"column":2},"end":{"line":27,"column":100}},"type":"if","locations":[{"start":{"line":27,"column":2},"end":{"line":27,"column":100}},{"start":{"line":27,"column":2},"end":{"line":27,"column":100}}],"line":27},"8":{"loc":{"start":{"line":32,"column":36},"end":{"line":32,"column":47}},"type":"default-arg","locations":[{"start":{"line":32,"column":45},"end":{"line":32,"column":47}}],"line":32},"9":{"loc":{"start":{"line":32,"column":49},"end":{"line":32,"column":119}},"type":"default-arg","locations":[{"start":{"line":32,"column":66},"end":{"line":32,"column":119}}],"line":32},"10":{"loc":{"start":{"line":32,"column":121},"end":{"line":32,"column":134}},"type":"default-arg","locations":[{"start":{"line":32,"column":129},"end":{"line":32,"column":134}}],"line":32},"11":{"loc":{"start":{"line":34,"column":2},"end":{"line":36,"column":3}},"type":"if","locations":[{"start":{"line":34,"column":2},"end":{"line":36,"column":3}},{"start":{"line":34,"column":2},"end":{"line":36,"column":3}}],"line":34},"12":{"loc":{"start":{"line":37,"column":2},"end":{"line":39,"column":3}},"type":"if","locations":[{"start":{"line":37,"column":2},"end":{"line":39,"column":3}},{"start":{"line":37,"column":2},"end":{"line":39,"column":3}}],"line":37},"13":{"loc":{"start":{"line":37,"column":6},"end":{"line":37,"column":47}},"type":"binary-expr","locations":[{"start":{"line":37,"column":6},"end":{"line":37,"column":32}},{"start":{"line":37,"column":36},"end":{"line":37,"column":47}}],"line":37},"14":{"loc":{"start":{"line":51,"column":4},"end":{"line":53,"column":5}},"type":"if","locations":[{"start":{"line":51,"column":4},"end":{"line":53,"column":5}},{"start":{"line":51,"column":4},"end":{"line":53,"column":5}}],"line":51},"15":{"loc":{"start":{"line":69,"column":6},"end":{"line":73,"column":7}},"type":"if","locations":[{"start":{"line":69,"column":6},"end":{"line":73,"column":7}},{"start":{"line":69,"column":6},"end":{"line":73,"column":7}}],"line":69},"16":{"loc":{"start":{"line":80,"column":8},"end":{"line":83,"column":9}},"type":"if","locations":[{"start":{"line":80,"column":8},"end":{"line":83,"column":9}},{"start":{"line":80,"column":8},"end":{"line":83,"column":9}}],"line":80},"17":{"loc":{"start":{"line":87,"column":8},"end":{"line":87,"column":45}},"type":"if","locations":[{"start":{"line":87,"column":8},"end":{"line":87,"column":45}},{"start":{"line":87,"column":8},"end":{"line":87,"column":45}}],"line":87},"18":{"loc":{"start":{"line":93,"column":4},"end":{"line":101,"column":5}},"type":"if","locations":[{"start":{"line":93,"column":4},"end":{"line":101,"column":5}},{"start":{"line":93,"column":4},"end":{"line":101,"column":5}}],"line":93},"19":{"loc":{"start":{"line":98,"column":6},"end":{"line":100,"column":7}},"type":"if","locations":[{"start":{"line":98,"column":6},"end":{"line":100,"column":7}},{"start":{"line":98,"column":6},"end":{"line":100,"column":7}}],"line":98},"20":{"loc":{"start":{"line":103,"column":4},"end":{"line":118,"column":5}},"type":"if","locations":[{"start":{"line":103,"column":4},"end":{"line":118,"column":5}},{"start":{"line":103,"column":4},"end":{"line":118,"column":5}}],"line":103},"21":{"loc":{"start":{"line":111,"column":10},"end":{"line":111,"column":46}},"type":"if","locations":[{"start":{"line":111,"column":10},"end":{"line":111,"column":46}},{"start":{"line":111,"column":10},"end":{"line":111,"column":46}}],"line":111},"22":{"loc":{"start":{"line":116,"column":14},"end":{"line":116,"column":48}},"type":"cond-expr","locations":[{"start":{"line":116,"column":40},"end":{"line":116,"column":43}},{"start":{"line":116,"column":46},"end":{"line":116,"column":48}}],"line":116},"23":{"loc":{"start":{"line":121,"column":4},"end":{"line":124,"column":5}},"type":"if","locations":[{"start":{"line":121,"column":4},"end":{"line":124,"column":5}},{"start":{"line":121,"column":4},"end":{"line":124,"column":5}}],"line":121},"24":{"loc":{"start":{"line":128,"column":4},"end":{"line":130,"column":5}},"type":"if","locations":[{"start":{"line":128,"column":4},"end":{"line":130,"column":5}},{"start":{"line":128,"column":4},"end":{"line":130,"column":5}}],"line":128},"25":{"loc":{"start":{"line":140,"column":2},"end":{"line":143,"column":3}},"type":"if","locations":[{"start":{"line":140,"column":2},"end":{"line":143,"column":3}},{"start":{"line":140,"column":2},"end":{"line":143,"column":3}}],"line":140},"26":{"loc":{"start":{"line":157,"column":4},"end":{"line":164,"column":5}},"type":"if","locations":[{"start":{"line":157,"column":4},"end":{"line":164,"column":5}},{"start":{"line":157,"column":4},"end":{"line":164,"column":5}}],"line":157},"27":{"loc":{"start":{"line":158,"column":6},"end":{"line":163,"column":7}},"type":"if","locations":[{"start":{"line":158,"column":6},"end":{"line":163,"column":7}},{"start":{"line":158,"column":6},"end":{"line":163,"column":7}}],"line":158},"28":{"loc":{"start":{"line":160,"column":38},"end":{"line":160,"column":117}},"type":"cond-expr","locations":[{"start":{"line":160,"column":74},"end":{"line":160,"column":102}},{"start":{"line":160,"column":105},"end":{"line":160,"column":117}}],"line":160},"29":{"loc":{"start":{"line":165,"column":4},"end":{"line":190,"column":5}},"type":"if","locations":[{"start":{"line":165,"column":4},"end":{"line":190,"column":5}},{"start":{"line":165,"column":4},"end":{"line":190,"column":5}}],"line":165},"30":{"loc":{"start":{"line":183,"column":6},"end":{"line":189,"column":7}},"type":"if","locations":[{"start":{"line":183,"column":6},"end":{"line":189,"column":7}},{"start":{"line":183,"column":6},"end":{"line":189,"column":7}}],"line":183},"31":{"loc":{"start":{"line":184,"column":8},"end":{"line":188,"column":9}},"type":"if","locations":[{"start":{"line":184,"column":8},"end":{"line":188,"column":9}},{"start":{"line":184,"column":8},"end":{"line":188,"column":9}}],"line":184},"32":{"loc":{"start":{"line":185,"column":40},"end":{"line":185,"column":119}},"type":"cond-expr","locations":[{"start":{"line":185,"column":76},"end":{"line":185,"column":104}},{"start":{"line":185,"column":107},"end":{"line":185,"column":119}}],"line":185},"33":{"loc":{"start":{"line":192,"column":4},"end":{"line":192,"column":41}},"type":"if","locations":[{"start":{"line":192,"column":4},"end":{"line":192,"column":41}},{"start":{"line":192,"column":4},"end":{"line":192,"column":41}}],"line":192}},"s":{"0":10,"1":14,"2":5,"3":2,"4":3,"5":0,"6":3,"7":14,"8":3,"9":11,"10":15,"11":2,"12":9,"13":9,"14":9,"15":12,"16":9,"17":0,"18":0,"19":9,"20":4,"21":4,"22":0,"23":4,"24":0,"25":4,"26":4,"27":4,"28":4,"29":4,"30":4,"31":4,"32":0,"33":4,"34":4,"35":4,"36":4,"37":4,"38":4,"39":4,"40":4,"41":0,"42":0,"43":0,"44":4,"45":4,"46":4,"47":2,"48":2,"49":0,"50":0,"51":0,"52":2,"53":2,"54":0,"55":0,"56":0,"57":0,"58":4,"59":3,"60":1,"61":1,"62":2,"63":1,"64":0,"65":4,"66":1,"67":2,"68":0,"69":1,"70":2,"71":2,"72":0,"73":0,"74":0,"75":0,"76":1,"77":1,"78":4,"79":0,"80":0,"81":0,"82":4,"83":0,"84":0,"85":0,"86":0,"87":4,"88":2,"89":0,"90":0,"91":2,"92":2,"93":2,"94":2,"95":2,"96":2,"97":0,"98":0,"99":0,"100":0,"101":2,"102":2,"103":2,"104":2,"105":0,"106":0,"107":0,"108":0,"109":0,"110":0},"f":{"0":10,"1":14,"2":5,"3":15,"4":9,"5":12,"6":0,"7":4,"8":4,"9":0,"10":2,"11":2,"12":0,"13":0,"14":0,"15":2},"b":{"0":[4],"1":[2,3],"2":[0,3],"3":[3,3],"4":[3,11],"5":[2,9],"6":[15,11],"7":[0,9],"8":[0],"9":[0],"10":[2],"11":[0,4],"12":[0,4],"13":[4,4],"14":[0,4],"15":[0,4],"16":[0,2],"17":[0,0],"18":[3,1],"19":[0,1],"20":[1,3],"21":[0,0],"22":[1,0],"23":[0,4],"24":[0,0],"25":[0,2],"26":[0,2],"27":[0,0],"28":[0,0],"29":[2,0],"30":[0,2],"31":[0,0],"32":[0,0],"33":[0,0]},"_coverageSchema":"43e27e138ebf9cfc5966b082cf9a028302ed4184","hash":"ee5365d9fbefd1110632dc07581eefeacdcccaa5"}
,"/Users/sebastien/Documents/repositories/ipad/react-native-holusion/lib/files/watchFiles.js": {"path":"/Users/sebastien/Documents/repositories/ipad/react-native-holusion/lib/files/watchFiles.js","statementMap":{"0":{"start":{"line":15,"column":2},"end":{"line":17,"column":3}},"1":{"start":{"line":16,"column":4},"end":{"line":16,"column":75}},"2":{"start":{"line":20,"column":21},"end":{"line":20,"column":23}},"3":{"start":{"line":23,"column":13},"end":{"line":23,"column":39}},"4":{"start":{"line":25,"column":21},"end":{"line":25,"column":67}},"5":{"start":{"line":26,"column":25},"end":{"line":26,"column":55}},"6":{"start":{"line":29,"column":2},"end":{"line":38,"column":4}},"7":{"start":{"line":31,"column":6},"end":{"line":31,"column":43}},"8":{"start":{"line":31,"column":23},"end":{"line":31,"column":43}},"9":{"start":{"line":32,"column":6},"end":{"line":32,"column":42}},"10":{"start":{"line":33,"column":6},"end":{"line":33,"column":25}},"11":{"start":{"line":34,"column":6},"end":{"line":34,"column":104}},"12":{"start":{"line":37,"column":11},"end":{"line":37,"column":92}},"13":{"start":{"line":40,"column":2},"end":{"line":48,"column":5}},"14":{"start":{"line":42,"column":6},"end":{"line":42,"column":45}},"15":{"start":{"line":42,"column":24},"end":{"line":42,"column":45}},"16":{"start":{"line":43,"column":6},"end":{"line":43,"column":43}},"17":{"start":{"line":44,"column":6},"end":{"line":44,"column":27}},"18":{"start":{"line":45,"column":6},"end":{"line":45,"column":108}},"19":{"start":{"line":47,"column":11},"end":{"line":47,"column":100}},"20":{"start":{"line":49,"column":2},"end":{"line":52,"column":3}},"21":{"start":{"line":50,"column":4},"end":{"line":50,"column":37}},"22":{"start":{"line":50,"column":31},"end":{"line":50,"column":35}},"23":{"start":{"line":57,"column":15},"end":{"line":57,"column":17}},"24":{"start":{"line":58,"column":14},"end":{"line":58,"column":16}},"25":{"start":{"line":59,"column":24},"end":{"line":59,"column":59}},"26":{"start":{"line":60,"column":2},"end":{"line":62,"column":3}},"27":{"start":{"line":61,"column":4},"end":{"line":61,"column":74}},"28":{"start":{"line":63,"column":17},"end":{"line":63,"column":67}},"29":{"start":{"line":64,"column":2},"end":{"line":72,"column":3}},"30":{"start":{"line":65,"column":33},"end":{"line":65,"column":56}},"31":{"start":{"line":66,"column":4},"end":{"line":68,"column":5}},"32":{"start":{"line":67,"column":6},"end":{"line":67,"column":94}},"33":{"start":{"line":69,"column":4},"end":{"line":69,"column":44}},"34":{"start":{"line":71,"column":4},"end":{"line":71,"column":64}},"35":{"start":{"line":73,"column":2},"end":{"line":73,"column":38}},"36":{"start":{"line":73,"column":32},"end":{"line":73,"column":38}},"37":{"start":{"line":74,"column":19},"end":{"line":74,"column":21}},"38":{"start":{"line":75,"column":2},"end":{"line":81,"column":3}},"39":{"start":{"line":76,"column":31},"end":{"line":76,"column":56}},"40":{"start":{"line":77,"column":4},"end":{"line":77,"column":41}},"41":{"start":{"line":82,"column":2},"end":{"line":84,"column":10}},"42":{"start":{"line":83,"column":4},"end":{"line":83,"column":53}},"43":{"start":{"line":85,"column":2},"end":{"line":92,"column":3}},"44":{"start":{"line":86,"column":14},"end":{"line":86,"column":29}},"45":{"start":{"line":87,"column":36},"end":{"line":87,"column":54}},"46":{"start":{"line":88,"column":4},"end":{"line":88,"column":41}},"47":{"start":{"line":88,"column":34},"end":{"line":88,"column":41}},"48":{"start":{"line":89,"column":4},"end":{"line":89,"column":39}},"49":{"start":{"line":90,"column":4},"end":{"line":90,"column":44}},"50":{"start":{"line":91,"column":4},"end":{"line":91,"column":30}},"51":{"start":{"line":93,"column":2},"end":{"line":95,"column":3}},"52":{"start":{"line":94,"column":4},"end":{"line":94,"column":66}},"53":{"start":{"line":96,"column":2},"end":{"line":96,"column":39}},"54":{"start":{"line":96,"column":32},"end":{"line":96,"column":39}},"55":{"start":{"line":98,"column":2},"end":{"line":101,"column":4}},"56":{"start":{"line":100,"column":4},"end":{"line":100,"column":59}},"57":{"start":{"line":103,"column":2},"end":{"line":103,"column":23}},"58":{"start":{"line":104,"column":2},"end":{"line":104,"column":38}},"59":{"start":{"line":108,"column":16},"end":{"line":108,"column":18}},"60":{"start":{"line":109,"column":14},"end":{"line":109,"column":16}},"61":{"start":{"line":110,"column":19},"end":{"line":110,"column":40}},"62":{"start":{"line":111,"column":2},"end":{"line":113,"column":3}},"63":{"start":{"line":112,"column":4},"end":{"line":112,"column":60}},"64":{"start":{"line":114,"column":2},"end":{"line":124,"column":3}},"65":{"start":{"line":115,"column":14},"end":{"line":115,"column":22}},"66":{"start":{"line":116,"column":4},"end":{"line":116,"column":37}},"67":{"start":{"line":116,"column":28},"end":{"line":116,"column":37}},"68":{"start":{"line":117,"column":4},"end":{"line":117,"column":20}},"69":{"start":{"line":118,"column":32},"end":{"line":118,"column":50}},"70":{"start":{"line":119,"column":4},"end":{"line":121,"column":5}},"71":{"start":{"line":120,"column":6},"end":{"line":120,"column":55}},"72":{"start":{"line":122,"column":4},"end":{"line":122,"column":44}},"73":{"start":{"line":123,"column":4},"end":{"line":123,"column":41}},"74":{"start":{"line":123,"column":34},"end":{"line":123,"column":41}},"75":{"start":{"line":126,"column":2},"end":{"line":129,"column":4}},"76":{"start":{"line":128,"column":4},"end":{"line":128,"column":59}},"77":{"start":{"line":131,"column":2},"end":{"line":131,"column":22}},"78":{"start":{"line":132,"column":2},"end":{"line":132,"column":41}}},"fnMap":{"0":{"name":"watchFiles","decl":{"start":{"line":9,"column":16},"end":{"line":9,"column":26}},"loc":{"start":{"line":14,"column":8},"end":{"line":53,"column":1}},"line":14},"1":{"name":"(anonymous_1)","decl":{"start":{"line":12,"column":15},"end":{"line":12,"column":16}},"loc":{"start":{"line":12,"column":27},"end":{"line":12,"column":30}},"line":12},"2":{"name":"(anonymous_2)","decl":{"start":{"line":13,"column":13},"end":{"line":13,"column":14}},"loc":{"start":{"line":13,"column":25},"end":{"line":13,"column":28}},"line":13},"3":{"name":"(anonymous_3)","decl":{"start":{"line":30,"column":4},"end":{"line":30,"column":5}},"loc":{"start":{"line":30,"column":24},"end":{"line":36,"column":5}},"line":30},"4":{"name":"(anonymous_4)","decl":{"start":{"line":37,"column":4},"end":{"line":37,"column":5}},"loc":{"start":{"line":37,"column":11},"end":{"line":37,"column":92}},"line":37},"5":{"name":"(anonymous_5)","decl":{"start":{"line":41,"column":4},"end":{"line":41,"column":5}},"loc":{"start":{"line":41,"column":25},"end":{"line":46,"column":5}},"line":41},"6":{"name":"(anonymous_6)","decl":{"start":{"line":47,"column":4},"end":{"line":47,"column":5}},"loc":{"start":{"line":47,"column":11},"end":{"line":47,"column":100}},"line":47},"7":{"name":"(anonymous_7)","decl":{"start":{"line":49,"column":9},"end":{"line":49,"column":10}},"loc":{"start":{"line":49,"column":15},"end":{"line":52,"column":3}},"line":49},"8":{"name":"(anonymous_8)","decl":{"start":{"line":50,"column":25},"end":{"line":50,"column":26}},"loc":{"start":{"line":50,"column":31},"end":{"line":50,"column":35}},"line":50},"9":{"name":"onConfigSnapshot","decl":{"start":{"line":56,"column":15},"end":{"line":56,"column":31}},"loc":{"start":{"line":56,"column":94},"end":{"line":105,"column":1}},"line":56},"10":{"name":"(anonymous_10)","decl":{"start":{"line":82,"column":81},"end":{"line":82,"column":82}},"loc":{"start":{"line":82,"column":86},"end":{"line":84,"column":3}},"line":82},"11":{"name":"(anonymous_11)","decl":{"start":{"line":99,"column":9},"end":{"line":99,"column":10}},"loc":{"start":{"line":99,"column":14},"end":{"line":101,"column":3}},"line":99},"12":{"name":"onProjectSnapshot","decl":{"start":{"line":107,"column":15},"end":{"line":107,"column":32}},"loc":{"start":{"line":107,"column":97},"end":{"line":133,"column":1}},"line":107},"13":{"name":"(anonymous_13)","decl":{"start":{"line":127,"column":9},"end":{"line":127,"column":10}},"loc":{"start":{"line":127,"column":14},"end":{"line":129,"column":3}},"line":127}},"branchMap":{"0":{"loc":{"start":{"line":9,"column":27},"end":{"line":14,"column":6}},"type":"default-arg","locations":[{"start":{"line":14,"column":4},"end":{"line":14,"column":6}}],"line":9},"1":{"loc":{"start":{"line":12,"column":2},"end":{"line":12,"column":30}},"type":"default-arg","locations":[{"start":{"line":12,"column":15},"end":{"line":12,"column":30}}],"line":12},"2":{"loc":{"start":{"line":13,"column":2},"end":{"line":13,"column":28}},"type":"default-arg","locations":[{"start":{"line":13,"column":13},"end":{"line":13,"column":28}}],"line":13},"3":{"loc":{"start":{"line":15,"column":2},"end":{"line":17,"column":3}},"type":"if","locations":[{"start":{"line":15,"column":2},"end":{"line":17,"column":3}},{"start":{"line":15,"column":2},"end":{"line":17,"column":3}}],"line":15},"4":{"loc":{"start":{"line":31,"column":6},"end":{"line":31,"column":43}},"type":"if","locations":[{"start":{"line":31,"column":6},"end":{"line":31,"column":43}},{"start":{"line":31,"column":6},"end":{"line":31,"column":43}}],"line":31},"5":{"loc":{"start":{"line":42,"column":6},"end":{"line":42,"column":45}},"type":"if","locations":[{"start":{"line":42,"column":6},"end":{"line":42,"column":45}},{"start":{"line":42,"column":6},"end":{"line":42,"column":45}}],"line":42},"6":{"loc":{"start":{"line":60,"column":2},"end":{"line":62,"column":3}},"type":"if","locations":[{"start":{"line":60,"column":2},"end":{"line":62,"column":3}},{"start":{"line":60,"column":2},"end":{"line":62,"column":3}}],"line":60},"7":{"loc":{"start":{"line":63,"column":17},"end":{"line":63,"column":67}},"type":"cond-expr","locations":[{"start":{"line":63,"column":41},"end":{"line":63,"column":62}},{"start":{"line":63,"column":65},"end":{"line":63,"column":67}}],"line":63},"8":{"loc":{"start":{"line":66,"column":4},"end":{"line":68,"column":5}},"type":"if","locations":[{"start":{"line":66,"column":4},"end":{"line":68,"column":5}},{"start":{"line":66,"column":4},"end":{"line":68,"column":5}}],"line":66},"9":{"loc":{"start":{"line":73,"column":2},"end":{"line":73,"column":38}},"type":"if","locations":[{"start":{"line":73,"column":2},"end":{"line":73,"column":38}},{"start":{"line":73,"column":2},"end":{"line":73,"column":38}}],"line":73},"10":{"loc":{"start":{"line":73,"column":6},"end":{"line":73,"column":30}},"type":"binary-expr","locations":[{"start":{"line":73,"column":6},"end":{"line":73,"column":12}},{"start":{"line":73,"column":16},"end":{"line":73,"column":30}}],"line":73},"11":{"loc":{"start":{"line":82,"column":22},"end":{"line":84,"column":9}},"type":"cond-expr","locations":[{"start":{"line":82,"column":59},"end":{"line":84,"column":4}},{"start":{"line":84,"column":7},"end":{"line":84,"column":9}}],"line":82},"12":{"loc":{"start":{"line":83,"column":11},"end":{"line":83,"column":52}},"type":"cond-expr","locations":[{"start":{"line":83,"column":37},"end":{"line":83,"column":48}},{"start":{"line":83,"column":51},"end":{"line":83,"column":52}}],"line":83},"13":{"loc":{"start":{"line":88,"column":4},"end":{"line":88,"column":41}},"type":"if","locations":[{"start":{"line":88,"column":4},"end":{"line":88,"column":41}},{"start":{"line":88,"column":4},"end":{"line":88,"column":41}}],"line":88},"14":{"loc":{"start":{"line":88,"column":8},"end":{"line":88,"column":32}},"type":"binary-expr","locations":[{"start":{"line":88,"column":8},"end":{"line":88,"column":14}},{"start":{"line":88,"column":18},"end":{"line":88,"column":32}}],"line":88},"15":{"loc":{"start":{"line":93,"column":2},"end":{"line":95,"column":3}},"type":"if","locations":[{"start":{"line":93,"column":2},"end":{"line":95,"column":3}},{"start":{"line":93,"column":2},"end":{"line":95,"column":3}}],"line":93},"16":{"loc":{"start":{"line":96,"column":2},"end":{"line":96,"column":39}},"type":"if","locations":[{"start":{"line":96,"column":2},"end":{"line":96,"column":39}},{"start":{"line":96,"column":2},"end":{"line":96,"column":39}}],"line":96},"17":{"loc":{"start":{"line":96,"column":6},"end":{"line":96,"column":30}},"type":"binary-expr","locations":[{"start":{"line":96,"column":6},"end":{"line":96,"column":12}},{"start":{"line":96,"column":16},"end":{"line":96,"column":30}}],"line":96},"18":{"loc":{"start":{"line":111,"column":2},"end":{"line":113,"column":3}},"type":"if","locations":[{"start":{"line":111,"column":2},"end":{"line":113,"column":3}},{"start":{"line":111,"column":2},"end":{"line":113,"column":3}}],"line":111},"19":{"loc":{"start":{"line":116,"column":4},"end":{"line":116,"column":37}},"type":"if","locations":[{"start":{"line":116,"column":4},"end":{"line":116,"column":37}},{"start":{"line":116,"column":4},"end":{"line":116,"column":37}}],"line":116},"20":{"loc":{"start":{"line":123,"column":4},"end":{"line":123,"column":41}},"type":"if","locations":[{"start":{"line":123,"column":4},"end":{"line":123,"column":41}},{"start":{"line":123,"column":4},"end":{"line":123,"column":41}}],"line":123},"21":{"loc":{"start":{"line":123,"column":8},"end":{"line":123,"column":32}},"type":"binary-expr","locations":[{"start":{"line":123,"column":8},"end":{"line":123,"column":14}},{"start":{"line":123,"column":18},"end":{"line":123,"column":32}}],"line":123}},"s":{"0":0,"1":0,"2":0,"3":0,"4":0,"5":0,"6":0,"7":0,"8":0,"9":0,"10":0,"11":0,"12":0,"13":0,"14":0,"15":0,"16":0,"17":0,"18":0,"19":0,"20":0,"21":0,"22":0,"23":0,"24":0,"25":0,"26":0,"27":0,"28":0,"29":0,"30":0,"31":0,"32":0,"33":0,"34":0,"35":0,"36":0,"37":0,"38":0,"39":0,"40":0,"41":0,"42":0,"43":0,"44":0,"45":0,"46":0,"47":0,"48":0,"49":0,"50":0,"51":0,"52":0,"53":0,"54":0,"55":0,"56":0,"57":0,"58":0,"59":0,"60":0,"61":0,"62":0,"63":0,"64":0,"65":0,"66":0,"67":0,"68":0,"69":0,"70":0,"71":0,"72":0,"73":0,"74":0,"75":0,"76":0,"77":0,"78":0},"f":{"0":0,"1":0,"2":0,"3":0,"4":0,"5":0,"6":0,"7":0,"8":0,"9":0,"10":0,"11":0,"12":0,"13":0},"b":{"0":[0],"1":[0],"2":[0],"3":[0,0],"4":[0,0],"5":[0,0],"6":[0,0],"7":[0,0],"8":[0,0],"9":[0,0],"10":[0,0],"11":[0,0],"12":[0,0],"13":[0,0],"14":[0,0],"15":[0,0],"16":[0,0],"17":[0,0],"18":[0,0],"19":[0,0],"20":[0,0],"21":[0,0]},"_coverageSchema":"43e27e138ebf9cfc5966b082cf9a028302ed4184","hash":"a117aa9d2af482e152e90f9258a58f2744558a12"}
,"/Users/sebastien/Documents/repositories/ipad/react-native-holusion/lib/reducers/conf.js": {"path":"/Users/sebastien/Documents/repositories/ipad/react-native-holusion/lib/reducers/conf.js","statementMap":{"0":{"start":{"line":11,"column":4},"end":{"line":28,"column":5}},"1":{"start":{"line":13,"column":12},"end":{"line":13,"column":57}},"2":{"start":{"line":15,"column":12},"end":{"line":15,"column":77}},"3":{"start":{"line":17,"column":12},"end":{"line":17,"column":76}},"4":{"start":{"line":19,"column":12},"end":{"line":19,"column":82}},"5":{"start":{"line":21,"column":12},"end":{"line":24,"column":13}},"6":{"start":{"line":22,"column":16},"end":{"line":22,"column":72}},"7":{"start":{"line":23,"column":16},"end":{"line":23,"column":29}},"8":{"start":{"line":25,"column":12},"end":{"line":25,"column":72}},"9":{"start":{"line":27,"column":12},"end":{"line":27,"column":25}}},"fnMap":{"0":{"name":"conf","decl":{"start":{"line":4,"column":24},"end":{"line":4,"column":28}},"loc":{"start":{"line":10,"column":11},"end":{"line":29,"column":1}},"line":10}},"branchMap":{"0":{"loc":{"start":{"line":4,"column":29},"end":{"line":10,"column":1}},"type":"default-arg","locations":[{"start":{"line":4,"column":37},"end":{"line":10,"column":1}}],"line":4},"1":{"loc":{"start":{"line":11,"column":4},"end":{"line":28,"column":5}},"type":"switch","locations":[{"start":{"line":12,"column":8},"end":{"line":13,"column":57}},{"start":{"line":14,"column":8},"end":{"line":15,"column":77}},{"start":{"line":16,"column":8},"end":{"line":17,"column":76}},{"start":{"line":18,"column":8},"end":{"line":19,"column":82}},{"start":{"line":20,"column":8},"end":{"line":25,"column":72}},{"start":{"line":26,"column":8},"end":{"line":27,"column":25}}],"line":11},"2":{"loc":{"start":{"line":21,"column":12},"end":{"line":24,"column":13}},"type":"if","locations":[{"start":{"line":21,"column":12},"end":{"line":24,"column":13}},{"start":{"line":21,"column":12},"end":{"line":24,"column":13}}],"line":21}},"s":{"0":80,"1":1,"2":0,"3":0,"4":0,"5":1,"6":0,"7":0,"8":1,"9":78},"f":{"0":80},"b":{"0":[10],"1":[1,0,0,0,1,78],"2":[0,1]},"_coverageSchema":"43e27e138ebf9cfc5966b082cf9a028302ed4184","hash":"0536ba8ed70c09d1c515da89e5564c50280a49b6"}
,"/Users/sebastien/Documents/repositories/ipad/react-native-holusion/lib/reducers/data.js": {"path":"/Users/sebastien/Documents/repositories/ipad/react-native-holusion/lib/reducers/data.js","statementMap":{"0":{"start":{"line":8,"column":4},"end":{"line":17,"column":5}},"1":{"start":{"line":10,"column":12},"end":{"line":10,"column":57}},"2":{"start":{"line":12,"column":12},"end":{"line":12,"column":67}},"3":{"start":{"line":14,"column":12},"end":{"line":14,"column":69}},"4":{"start":{"line":16,"column":12},"end":{"line":16,"column":25}}},"fnMap":{"0":{"name":"data","decl":{"start":{"line":4,"column":24},"end":{"line":4,"column":28}},"loc":{"start":{"line":7,"column":11},"end":{"line":18,"column":1}},"line":7}},"branchMap":{"0":{"loc":{"start":{"line":4,"column":29},"end":{"line":7,"column":1}},"type":"default-arg","locations":[{"start":{"line":4,"column":37},"end":{"line":7,"column":1}}],"line":4},"1":{"loc":{"start":{"line":8,"column":4},"end":{"line":17,"column":5}},"type":"switch","locations":[{"start":{"line":9,"column":8},"end":{"line":10,"column":57}},{"start":{"line":11,"column":8},"end":{"line":12,"column":67}},{"start":{"line":13,"column":8},"end":{"line":14,"column":69}},{"start":{"line":15,"column":8},"end":{"line":16,"column":25}}],"line":8}},"s":{"0":80,"1":6,"2":0,"3":0,"4":74},"f":{"0":80},"b":{"0":[10],"1":[6,0,0,74]},"_coverageSchema":"43e27e138ebf9cfc5966b082cf9a028302ed4184","hash":"92fefa4c2108d537f96233ce0040b5f4defba6c3"}
,"/Users/sebastien/Documents/repositories/ipad/react-native-holusion/lib/reducers/index.js": {"path":"/Users/sebastien/Documents/repositories/ipad/react-native-holusion/lib/reducers/index.js","statementMap":{},"fnMap":{},"branchMap":{},"s":{},"f":{},"b":{},"_coverageSchema":"43e27e138ebf9cfc5966b082cf9a028302ed4184","hash":"20d01054ced6b78adc7e1f40a26df88e7b2ed914"}
,"/Users/sebastien/Documents/repositories/ipad/react-native-holusion/lib/reducers/network.js": {"path":"/Users/sebastien/Documents/repositories/ipad/react-native-holusion/lib/reducers/network.js","statementMap":{"0":{"start":{"line":5,"column":4},"end":{"line":12,"column":5}},"1":{"start":{"line":7,"column":12},"end":{"line":7,"column":71}},"2":{"start":{"line":9,"column":12},"end":{"line":9,"column":68}},"3":{"start":{"line":11,"column":12},"end":{"line":11,"column":25}}},"fnMap":{"0":{"name":"network","decl":{"start":{"line":4,"column":24},"end":{"line":4,"column":31}},"loc":{"start":{"line":4,"column":115},"end":{"line":13,"column":1}},"line":4}},"branchMap":{"0":{"loc":{"start":{"line":4,"column":34},"end":{"line":4,"column":105}},"type":"default-arg","locations":[{"start":{"line":4,"column":42},"end":{"line":4,"column":105}}],"line":4},"1":{"loc":{"start":{"line":5,"column":4},"end":{"line":12,"column":5}},"type":"switch","locations":[{"start":{"line":6,"column":8},"end":{"line":7,"column":71}},{"start":{"line":8,"column":8},"end":{"line":9,"column":68}},{"start":{"line":10,"column":8},"end":{"line":11,"column":25}}],"line":5}},"s":{"0":80,"1":0,"2":1,"3":79},"f":{"0":80},"b":{"0":[10],"1":[0,1,79]},"_coverageSchema":"43e27e138ebf9cfc5966b082cf9a028302ed4184","hash":"7d8ea53308d95f55e5f6bc2b987fedb6405d208a"}
,"/Users/sebastien/Documents/repositories/ipad/react-native-holusion/lib/reducers/products.js": {"path":"/Users/sebastien/Documents/repositories/ipad/react-native-holusion/lib/reducers/products.js","statementMap":{"0":{"start":{"line":5,"column":4},"end":{"line":30,"column":5}},"1":{"start":{"line":7,"column":12},"end":{"line":7,"column":35}},"2":{"start":{"line":9,"column":29},"end":{"line":15,"column":14}},"3":{"start":{"line":10,"column":16},"end":{"line":14,"column":17}},"4":{"start":{"line":11,"column":20},"end":{"line":11,"column":60}},"5":{"start":{"line":13,"column":20},"end":{"line":13,"column":60}},"6":{"start":{"line":16,"column":12},"end":{"line":16,"column":28}},"7":{"start":{"line":18,"column":34},"end":{"line":18,"column":84}},"8":{"start":{"line":18,"column":54},"end":{"line":18,"column":83}},"9":{"start":{"line":19,"column":12},"end":{"line":25,"column":13}},"10":{"start":{"line":20,"column":16},"end":{"line":20,"column":54}},"11":{"start":{"line":22,"column":34},"end":{"line":22,"column":50}},"12":{"start":{"line":23,"column":16},"end":{"line":23,"column":68}},"13":{"start":{"line":24,"column":16},"end":{"line":24,"column":33}},"14":{"start":{"line":27,"column":12},"end":{"line":27,"column":65}},"15":{"start":{"line":27,"column":40},"end":{"line":27,"column":64}},"16":{"start":{"line":29,"column":12},"end":{"line":29,"column":25}}},"fnMap":{"0":{"name":"products","decl":{"start":{"line":4,"column":24},"end":{"line":4,"column":32}},"loc":{"start":{"line":4,"column":55},"end":{"line":31,"column":1}},"line":4},"1":{"name":"(anonymous_1)","decl":{"start":{"line":9,"column":39},"end":{"line":9,"column":40}},"loc":{"start":{"line":9,"column":43},"end":{"line":15,"column":13}},"line":9},"2":{"name":"(anonymous_2)","decl":{"start":{"line":18,"column":50},"end":{"line":18,"column":51}},"loc":{"start":{"line":18,"column":54},"end":{"line":18,"column":83}},"line":18},"3":{"name":"(anonymous_3)","decl":{"start":{"line":27,"column":32},"end":{"line":27,"column":33}},"loc":{"start":{"line":27,"column":40},"end":{"line":27,"column":64}},"line":27}},"branchMap":{"0":{"loc":{"start":{"line":4,"column":35},"end":{"line":4,"column":45}},"type":"default-arg","locations":[{"start":{"line":4,"column":43},"end":{"line":4,"column":45}}],"line":4},"1":{"loc":{"start":{"line":5,"column":4},"end":{"line":30,"column":5}},"type":"switch","locations":[{"start":{"line":6,"column":8},"end":{"line":7,"column":35}},{"start":{"line":8,"column":8},"end":{"line":16,"column":28}},{"start":{"line":17,"column":8},"end":{"line":25,"column":13}},{"start":{"line":26,"column":8},"end":{"line":27,"column":65}},{"start":{"line":28,"column":8},"end":{"line":29,"column":25}}],"line":5},"2":{"loc":{"start":{"line":10,"column":16},"end":{"line":14,"column":17}},"type":"if","locations":[{"start":{"line":10,"column":16},"end":{"line":14,"column":17}},{"start":{"line":10,"column":16},"end":{"line":14,"column":17}}],"line":10},"3":{"loc":{"start":{"line":19,"column":12},"end":{"line":25,"column":13}},"type":"if","locations":[{"start":{"line":19,"column":12},"end":{"line":25,"column":13}},{"start":{"line":19,"column":12},"end":{"line":25,"column":13}}],"line":19}},"s":{"0":80,"1":0,"2":3,"3":5,"4":2,"5":3,"6":3,"7":14,"8":7,"9":14,"10":13,"11":1,"12":1,"13":1,"14":2,"15":2,"16":61},"f":{"0":80,"1":5,"2":7,"3":2},"b":{"0":[10],"1":[0,3,14,2,61],"2":[2,3],"3":[13,1]},"_coverageSchema":"43e27e138ebf9cfc5966b082cf9a028302ed4184","hash":"fcca925a7b8a75d7d563565c8af34e6e0b1fcac2"}
,"/Users/sebastien/Documents/repositories/ipad/react-native-holusion/lib/reducers/tasks.js": {"path":"/Users/sebastien/Documents/repositories/ipad/react-native-holusion/lib/reducers/tasks.js","statementMap":{"0":{"start":{"line":6,"column":2},"end":{"line":29,"column":3}},"1":{"start":{"line":8,"column":6},"end":{"line":13,"column":9}},"2":{"start":{"line":15,"column":6},"end":{"line":20,"column":9}},"3":{"start":{"line":23,"column":33},"end":{"line":23,"column":48}},"4":{"start":{"line":24,"column":6},"end":{"line":26,"column":9}},"5":{"start":{"line":28,"column":6},"end":{"line":28,"column":19}}},"fnMap":{"0":{"name":"tasks","decl":{"start":{"line":4,"column":24},"end":{"line":4,"column":29}},"loc":{"start":{"line":4,"column":75},"end":{"line":30,"column":1}},"line":4}},"branchMap":{"0":{"loc":{"start":{"line":4,"column":30},"end":{"line":4,"column":50}},"type":"default-arg","locations":[{"start":{"line":4,"column":38},"end":{"line":4,"column":50}}],"line":4},"1":{"loc":{"start":{"line":6,"column":2},"end":{"line":29,"column":3}},"type":"switch","locations":[{"start":{"line":7,"column":4},"end":{"line":13,"column":9}},{"start":{"line":14,"column":4},"end":{"line":20,"column":9}},{"start":{"line":22,"column":4},"end":{"line":26,"column":9}},{"start":{"line":27,"column":4},"end":{"line":28,"column":19}}],"line":6}},"s":{"0":80,"1":16,"2":20,"3":1,"4":1,"5":43},"f":{"0":80},"b":{"0":[10],"1":[16,20,1,43]},"_coverageSchema":"43e27e138ebf9cfc5966b082cf9a028302ed4184","hash":"d7fb60e8f20f87672691f3e0ae3f3412f3f391d4"}
,"/Users/sebastien/Documents/repositories/ipad/react-native-holusion/lib/selectors/index.js": {"path":"/Users/sebastien/Documents/repositories/ipad/react-native-holusion/lib/selectors/index.js","statementMap":{"0":{"start":{"line":8,"column":16},"end":{"line":8,"column":36}},"1":{"start":{"line":8,"column":26},"end":{"line":8,"column":36}},"2":{"start":{"line":9,"column":22},"end":{"line":9,"column":56}},"3":{"start":{"line":9,"column":40},"end":{"line":9,"column":56}},"4":{"start":{"line":10,"column":28},"end":{"line":10,"column":68}},"5":{"start":{"line":10,"column":46},"end":{"line":10,"column":68}},"6":{"start":{"line":11,"column":17},"end":{"line":11,"column":44}},"7":{"start":{"line":11,"column":28},"end":{"line":11,"column":44}},"8":{"start":{"line":13,"column":27},"end":{"line":16,"column":1}},"9":{"start":{"line":15,"column":15},"end":{"line":15,"column":33}},"10":{"start":{"line":18,"column":29},"end":{"line":21,"column":1}},"11":{"start":{"line":20,"column":19},"end":{"line":20,"column":65}},"12":{"start":{"line":20,"column":33},"end":{"line":20,"column":63}},"13":{"start":{"line":24,"column":30},"end":{"line":33,"column":1}},"14":{"start":{"line":27,"column":8},"end":{"line":27,"column":35}},"15":{"start":{"line":27,"column":22},"end":{"line":27,"column":35}},"16":{"start":{"line":28,"column":8},"end":{"line":31,"column":10}},"17":{"start":{"line":29,"column":12},"end":{"line":29,"column":51}},"18":{"start":{"line":29,"column":24},"end":{"line":29,"column":51}},"19":{"start":{"line":30,"column":12},"end":{"line":30,"column":57}},"20":{"start":{"line":30,"column":27},"end":{"line":30,"column":57}},"21":{"start":{"line":35,"column":31},"end":{"line":40,"column":1}},"22":{"start":{"line":38,"column":8},"end":{"line":38,"column":27}},"23":{"start":{"line":45,"column":20},"end":{"line":45,"column":45}},"24":{"start":{"line":45,"column":31},"end":{"line":45,"column":45}},"25":{"start":{"line":47,"column":32},"end":{"line":50,"column":1}},"26":{"start":{"line":49,"column":17},"end":{"line":49,"column":53}},"27":{"start":{"line":49,"column":36},"end":{"line":49,"column":52}},"28":{"start":{"line":52,"column":17},"end":{"line":52,"column":43}},"29":{"start":{"line":52,"column":27},"end":{"line":52,"column":43}},"30":{"start":{"line":54,"column":28},"end":{"line":59,"column":1}},"31":{"start":{"line":57,"column":8},"end":{"line":57,"column":82}},"32":{"start":{"line":57,"column":47},"end":{"line":57,"column":62}},"33":{"start":{"line":57,"column":72},"end":{"line":57,"column":80}},"34":{"start":{"line":61,"column":35},"end":{"line":64,"column":1}},"35":{"start":{"line":63,"column":14},"end":{"line":63,"column":53}},"36":{"start":{"line":63,"column":31},"end":{"line":63,"column":52}}},"fnMap":{"0":{"name":"(anonymous_0)","decl":{"start":{"line":8,"column":16},"end":{"line":8,"column":17}},"loc":{"start":{"line":8,"column":26},"end":{"line":8,"column":36}},"line":8},"1":{"name":"(anonymous_1)","decl":{"start":{"line":9,"column":22},"end":{"line":9,"column":23}},"loc":{"start":{"line":9,"column":40},"end":{"line":9,"column":56}},"line":9},"2":{"name":"(anonymous_2)","decl":{"start":{"line":10,"column":28},"end":{"line":10,"column":29}},"loc":{"start":{"line":10,"column":46},"end":{"line":10,"column":68}},"line":10},"3":{"name":"(anonymous_3)","decl":{"start":{"line":11,"column":17},"end":{"line":11,"column":18}},"loc":{"start":{"line":11,"column":28},"end":{"line":11,"column":44}},"line":11},"4":{"name":"(anonymous_4)","decl":{"start":{"line":15,"column":4},"end":{"line":15,"column":5}},"loc":{"start":{"line":15,"column":15},"end":{"line":15,"column":33}},"line":15},"5":{"name":"(anonymous_5)","decl":{"start":{"line":20,"column":4},"end":{"line":20,"column":5}},"loc":{"start":{"line":20,"column":19},"end":{"line":20,"column":65}},"line":20},"6":{"name":"(anonymous_6)","decl":{"start":{"line":20,"column":27},"end":{"line":20,"column":28}},"loc":{"start":{"line":20,"column":33},"end":{"line":20,"column":63}},"line":20},"7":{"name":"(anonymous_7)","decl":{"start":{"line":26,"column":4},"end":{"line":26,"column":5}},"loc":{"start":{"line":26,"column":23},"end":{"line":32,"column":5}},"line":26},"8":{"name":"(anonymous_8)","decl":{"start":{"line":28,"column":28},"end":{"line":28,"column":29}},"loc":{"start":{"line":28,"column":33},"end":{"line":31,"column":9}},"line":28},"9":{"name":"(anonymous_9)","decl":{"start":{"line":37,"column":4},"end":{"line":37,"column":5}},"loc":{"start":{"line":37,"column":22},"end":{"line":39,"column":5}},"line":37},"10":{"name":"(anonymous_10)","decl":{"start":{"line":45,"column":20},"end":{"line":45,"column":21}},"loc":{"start":{"line":45,"column":31},"end":{"line":45,"column":45}},"line":45},"11":{"name":"(anonymous_11)","decl":{"start":{"line":49,"column":4},"end":{"line":49,"column":5}},"loc":{"start":{"line":49,"column":17},"end":{"line":49,"column":53}},"line":49},"12":{"name":"(anonymous_12)","decl":{"start":{"line":49,"column":31},"end":{"line":49,"column":32}},"loc":{"start":{"line":49,"column":36},"end":{"line":49,"column":52}},"line":49},"13":{"name":"(anonymous_13)","decl":{"start":{"line":52,"column":17},"end":{"line":52,"column":18}},"loc":{"start":{"line":52,"column":27},"end":{"line":52,"column":43}},"line":52},"14":{"name":"(anonymous_14)","decl":{"start":{"line":56,"column":4},"end":{"line":56,"column":5}},"loc":{"start":{"line":56,"column":13},"end":{"line":58,"column":5}},"line":56},"15":{"name":"(anonymous_15)","decl":{"start":{"line":57,"column":41},"end":{"line":57,"column":42}},"loc":{"start":{"line":57,"column":47},"end":{"line":57,"column":62}},"line":57},"16":{"name":"(anonymous_16)","decl":{"start":{"line":57,"column":68},"end":{"line":57,"column":69}},"loc":{"start":{"line":57,"column":72},"end":{"line":57,"column":80}},"line":57},"17":{"name":"(anonymous_17)","decl":{"start":{"line":63,"column":4},"end":{"line":63,"column":5}},"loc":{"start":{"line":63,"column":14},"end":{"line":63,"column":53}},"line":63},"18":{"name":"(anonymous_18)","decl":{"start":{"line":63,"column":27},"end":{"line":63,"column":28}},"loc":{"start":{"line":63,"column":31},"end":{"line":63,"column":52}},"line":63}},"branchMap":{"0":{"loc":{"start":{"line":27,"column":8},"end":{"line":27,"column":35}},"type":"if","locations":[{"start":{"line":27,"column":8},"end":{"line":27,"column":35}},{"start":{"line":27,"column":8},"end":{"line":27,"column":35}}],"line":27},"1":{"loc":{"start":{"line":29,"column":12},"end":{"line":29,"column":51}},"type":"if","locations":[{"start":{"line":29,"column":12},"end":{"line":29,"column":51}},{"start":{"line":29,"column":12},"end":{"line":29,"column":51}}],"line":29},"2":{"loc":{"start":{"line":30,"column":12},"end":{"line":30,"column":57}},"type":"if","locations":[{"start":{"line":30,"column":12},"end":{"line":30,"column":57}},{"start":{"line":30,"column":12},"end":{"line":30,"column":57}}],"line":30}},"s":{"0":1,"1":0,"2":1,"3":2,"4":1,"5":2,"6":1,"7":7,"8":1,"9":2,"10":1,"11":1,"12":2,"13":1,"14":2,"15":1,"16":1,"17":2,"18":0,"19":2,"20":2,"21":1,"22":1,"23":1,"24":2,"25":1,"26":2,"27":5,"28":1,"29":0,"30":1,"31":0,"32":0,"33":0,"34":1,"35":0,"36":0},"f":{"0":0,"1":2,"2":2,"3":7,"4":2,"5":1,"6":2,"7":2,"8":2,"9":1,"10":2,"11":2,"12":5,"13":0,"14":0,"15":0,"16":0,"17":0,"18":0},"b":{"0":[1,1],"1":[0,2],"2":[2,0]},"_coverageSchema":"43e27e138ebf9cfc5966b082cf9a028302ed4184","hash":"32f17a3eee43a5936bc39c63ca556a9f3ee96d91"}
}
