TN:
SF:/Users/sebastien/Documents/repositories/ipad/react-native-holusion/lib/actions.js
FN:26,(anonymous_0)
FN:29,(anonymous_1)
FN:32,(anonymous_2)
FN:36,(anonymous_3)
FN:43,(anonymous_4)
FN:46,(anonymous_5)
FN:50,(anonymous_6)
FN:53,(anonymous_7)
FN:56,(anonymous_8)
FN:65,(anonymous_9)
FN:68,(anonymous_10)
FN:71,(anonymous_11)
FN:75,(anonymous_12)
FN:78,(anonymous_13)
FN:81,(anonymous_14)
FN:85,(anonymous_15)
FN:88,(anonymous_16)
FNF:17
FNH:10
FNDA:0,(anonymous_0)
FNDA:14,(anonymous_1)
FNDA:2,(anonymous_2)
FNDA:3,(anonymous_3)
FNDA:1,(anonymous_4)
FNDA:0,(anonymous_5)
FNDA:23,(anonymous_6)
FNDA:16,(anonymous_7)
FNDA:3,(anonymous_8)
FNDA:6,(anonymous_9)
FNDA:0,(anonymous_10)
FNDA:0,(anonymous_11)
FNDA:0,(anonymous_12)
FNDA:0,(anonymous_13)
FNDA:0,(anonymous_14)
FNDA:1,(anonymous_15)
FNDA:1,(anonymous_16)
DA:2,3
DA:3,3
DA:4,3
DA:5,3
DA:7,3
DA:8,3
DA:9,3
DA:10,3
DA:11,3
DA:13,3
DA:14,3
DA:15,3
DA:17,3
DA:18,3
DA:19,3
DA:20,3
DA:22,3
DA:26,3
DA:27,0
DA:29,3
DA:30,14
DA:32,3
DA:33,2
DA:36,3
DA:37,3
DA:43,3
DA:44,1
DA:46,3
DA:47,0
DA:50,3
DA:51,23
DA:53,3
DA:54,16
DA:56,3
DA:57,3
DA:58,2
DA:65,3
DA:66,6
DA:68,3
DA:69,0
DA:71,3
DA:72,0
DA:75,3
DA:76,0
DA:78,3
DA:79,0
DA:81,3
DA:82,0
DA:85,3
DA:86,1
DA:88,3
DA:89,1
LF:52
LH:45
BRDA:33,0,0,1
BRDA:33,0,1,1
BRDA:36,1,0,1
BRDA:37,2,0,0
BRDA:37,2,1,3
BRDA:50,3,0,18
BRDA:51,4,0,23
BRDA:51,4,1,14
BRDA:57,5,0,1
BRDA:57,5,1,2
BRF:10
BRH:9
end_of_record
TN:
SF:/Users/sebastien/Documents/repositories/ipad/react-native-holusion/lib/convert.js
FN:3,base64ToHex
FN:19,normalizeAngle
FNF:2
FNH:2
FNDA:2,base64ToHex
FNDA:9,normalizeAngle
DA:5,2
DA:6,2
DA:8,2
DA:10,32
DA:12,32
DA:15,2
DA:20,9
LF:7
LH:7
BRDA:12,0,0,30
BRDA:12,0,1,2
BRDA:19,1,0,6
BRDA:20,2,0,3
BRDA:20,2,1,6
BRF:5
BRH:5
end_of_record
TN:
SF:/Users/sebastien/Documents/repositories/ipad/react-native-holusion/lib/persistentStore.js
FN:13,configureStore
FN:28,persistentStore
FN:32,(anonymous_2)
FN:65,onStoreUpdate
FN:72,(anonymous_4)
FN:80,(anonymous_5)
FN:87,(anonymous_6)
FNF:7
FNH:5
FNDA:5,configureStore
FNDA:3,persistentStore
FNDA:3,(anonymous_2)
FNDA:7,onStoreUpdate
FNDA:0,(anonymous_4)
FNDA:3,(anonymous_5)
FNDA:0,(anonymous_6)
DA:14,5
DA:15,5
DA:16,1
DA:18,4
DA:20,5
DA:29,3
DA:30,3
DA:32,3
DA:34,3
DA:35,3
DA:36,3
DA:37,3
DA:39,0
DA:40,0
DA:43,3
DA:48,3
DA:49,6
DA:50,6
DA:51,6
DA:52,2
DA:53,2
DA:55,2
DA:61,4
DA:65,3
DA:66,7
DA:67,7
DA:68,14
DA:69,11
DA:71,3
DA:72,0
DA:73,0
DA:74,0
DA:76,3
DA:77,3
DA:79,3
DA:81,3
DA:88,0
DA:89,0
DA:93,3
LF:39
LH:32
BRDA:13,0,0,3
BRDA:15,1,0,1
BRDA:15,1,1,4
BRDA:68,2,0,11
BRDA:68,2,1,3
BRDA:71,3,0,0
BRDA:71,3,1,3
BRDA:72,4,0,0
BRDA:72,4,1,0
BRF:9
BRH:6
end_of_record
TN:
SF:/Users/sebastien/Documents/repositories/ipad/react-native-holusion/lib/time.js
FN:3,(anonymous_0)
FN:3,(anonymous_1)
FN:6,(anonymous_2)
FN:14,(anonymous_3)
FN:20,(anonymous_4)
FN:26,(anonymous_5)
FN:27,(anonymous_6)
FNF:7
FNH:4
FNDA:0,(anonymous_0)
FNDA:0,(anonymous_1)
FNDA:4,(anonymous_2)
FNDA:0,(anonymous_3)
FNDA:8,(anonymous_4)
FNDA:8,(anonymous_5)
FNDA:8,(anonymous_6)
DA:3,1
DA:7,4
DA:8,4
DA:9,4
DA:10,4
DA:11,4
DA:15,0
DA:16,0
DA:17,0
DA:21,8
DA:22,8
DA:23,8
DA:27,8
DA:28,8
DA:29,3
DA:31,5
DA:32,5
DA:33,5
LF:18
LH:15
BRDA:6,0,0,1
BRDA:6,1,0,3
BRDA:6,2,0,3
BRDA:28,3,0,3
BRDA:28,3,1,5
BRDA:33,4,0,1
BRDA:33,4,1,4
BRF:7
BRH:7
end_of_record
TN:
SF:/Users/sebastien/Documents/repositories/ipad/react-native-holusion/lib/files/cache.js
FN:8,(anonymous_0)
FN:12,(anonymous_1)
FN:15,getCacheFiles
FN:16,(anonymous_3)
FN:36,getCachedHash
FN:49,saveCacheFile
FN:50,(anonymous_6)
FN:64,(anonymous_7)
FN:70,(anonymous_8)
FN:71,(anonymous_9)
FN:83,(anonymous_10)
FN:85,(anonymous_11)
FN:94,(anonymous_12)
FN:95,(anonymous_13)
FN:105,(anonymous_14)
FN:112,(anonymous_15)
FN:113,(anonymous_16)
FN:125,(anonymous_17)
FN:126,(anonymous_18)
FN:135,doClean
FN:147,(anonymous_20)
FN:162,cleanup
FN:163,(anonymous_22)
FNF:23
FNH:21
FNDA:12,(anonymous_0)
FNDA:36,(anonymous_1)
FNDA:10,getCacheFiles
FNDA:10,(anonymous_3)
FNDA:3,getCachedHash
FNDA:0,saveCacheFile
FNDA:0,(anonymous_6)
FNDA:7,(anonymous_7)
FNDA:10,(anonymous_8)
FNDA:17,(anonymous_9)
FNDA:7,(anonymous_10)
FNDA:7,(anonymous_11)
FNDA:3,(anonymous_12)
FNDA:3,(anonymous_13)
FNDA:3,(anonymous_14)
FNDA:7,(anonymous_15)
FNDA:7,(anonymous_16)
FNDA:2,(anonymous_17)
FNDA:2,(anonymous_18)
FNDA:6,doClean
FNDA:8,(anonymous_20)
FNDA:5,cleanup
FNDA:5,(anonymous_22)
DA:8,12
DA:12,36
DA:16,10
DA:17,10
DA:18,10
DA:19,10
DA:20,10
DA:22,2
DA:23,0
DA:26,10
DA:27,7
DA:28,5
DA:29,5
DA:32,7
DA:38,3
DA:39,3
DA:41,2
DA:42,2
DA:45,3
DA:50,0
DA:52,0
DA:53,0
DA:55,0
DA:57,0
DA:60,0
DA:65,7
DA:66,7
DA:67,7
DA:68,7
DA:70,10
DA:73,17
DA:74,17
DA:76,2
DA:77,0
DA:79,2
DA:84,7
DA:85,7
DA:86,7
DA:87,7
DA:88,7
DA:90,7
DA:95,3
DA:96,3
DA:97,3
DA:98,3
DA:99,6
DA:100,3
DA:102,3
DA:105,3
DA:106,3
DA:108,3
DA:113,7
DA:114,7
DA:115,7
DA:116,7
DA:117,7
DA:118,7
DA:119,2
DA:120,0
DA:122,5
DA:125,7
DA:126,2
DA:128,7
DA:136,6
DA:137,6
DA:138,6
DA:140,1
DA:141,1
DA:142,1
DA:144,5
DA:146,8
DA:147,8
DA:149,1
DA:150,1
DA:152,1
DA:154,6
DA:155,2
DA:156,2
DA:159,5
DA:163,5
DA:164,5
DA:165,5
DA:166,5
LF:83
LH:74
BRDA:22,0,0,0
BRDA:22,0,1,2
BRDA:76,1,0,0
BRDA:76,1,1,2
BRDA:83,2,0,0
BRDA:84,3,0,0
BRDA:84,3,1,7
BRDA:99,4,0,3
BRDA:99,4,1,3
BRDA:118,5,0,2
BRDA:118,5,1,5
BRDA:119,6,0,2
BRDA:119,6,1,0
BRDA:146,7,0,2
BRDA:146,7,1,6
BRDA:147,8,0,1
BRDA:147,8,1,1
BRDA:154,9,0,2
BRDA:154,9,1,4
BRDA:162,10,0,5
BRF:20
BRH:15
end_of_record
TN:
SF:/Users/sebastien/Documents/repositories/ipad/react-native-holusion/lib/files/index.js
FNF:0
FNH:0
LF:0
LH:0
BRF:0
BRH:0
end_of_record
TN:
SF:/Users/sebastien/Documents/repositories/ipad/react-native-holusion/lib/files/makeLocal.js
FN:8,makeLocal
FN:8,(anonymous_1)
FN:11,(anonymous_2)
FNF:3
FNH:2
FNDA:2,makeLocal
FNDA:0,(anonymous_1)
FNDA:3,(anonymous_2)
DA:9,2
DA:10,2
DA:11,3
DA:12,2
DA:13,2
DA:14,2
DA:15,1
DA:16,1
DA:17,1
DA:18,1
DA:23,1
DA:28,1
DA:30,1
DA:31,1
DA:32,1
DA:33,1
DA:35,0
DA:36,0
DA:38,0
DA:42,0
DA:45,1
DA:46,0
DA:49,1
DA:51,1
DA:52,0
DA:53,0
DA:54,0
DA:57,2
LF:28
LH:20
BRDA:8,0,0,1
BRDA:8,1,0,1
BRDA:8,2,0,2
BRDA:11,3,0,3
BRDA:11,3,1,0
BRDA:13,4,0,0
BRDA:13,4,1,2
BRDA:14,5,0,1
BRDA:14,5,1,1
BRDA:14,6,0,2
BRDA:14,6,1,2
BRDA:14,6,2,1
BRDA:14,6,3,1
BRDA:25,7,0,0
BRDA:25,7,1,1
BRDA:28,8,0,0
BRDA:28,8,1,1
BRDA:30,9,0,1
BRDA:30,9,1,0
BRDA:30,10,0,1
BRDA:30,10,1,1
BRDA:30,10,2,0
BRDA:35,11,0,0
BRDA:35,11,1,0
BRDA:45,12,0,0
BRDA:45,12,1,1
BRDA:51,13,0,0
BRDA:51,13,1,1
BRF:28
BRH:18
end_of_record
TN:
SF:/Users/sebastien/Documents/repositories/ipad/react-native-holusion/lib/files/path.js
FN:3,(anonymous_0)
FN:4,(anonymous_1)
FN:6,(anonymous_2)
FN:9,filename
FNF:4
FNH:2
FNDA:0,(anonymous_0)
FNDA:1,(anonymous_1)
FNDA:0,(anonymous_2)
FNDA:19,filename
DA:3,6
DA:4,6
DA:6,6
DA:10,19
DA:11,19
LF:5
LH:5
BRDA:10,0,0,0
BRDA:10,0,1,19
BRF:2
BRH:1
end_of_record
TN:
SF:/Users/sebastien/Documents/repositories/ipad/react-native-holusion/lib/files/readWrite.js
FN:10,(anonymous_0)
FN:17,loadFile
FN:18,(anonymous_2)
FN:21,saveFile
FN:22,(anonymous_4)
FNF:5
FNH:5
FNDA:1,(anonymous_0)
FNDA:28,loadFile
FNDA:28,(anonymous_2)
FNDA:17,saveFile
FNDA:17,(anonymous_4)
DA:5,6
DA:11,1
DA:12,1
DA:13,1
DA:18,28
DA:22,17
DA:23,17
DA:25,17
DA:27,0
LF:9
LH:8
BRF:0
BRH:0
end_of_record
TN:
SF:/Users/sebastien/Documents/repositories/ipad/react-native-holusion/lib/files/upload.js
FN:7,dedupeList
FN:9,(anonymous_1)
FN:10,(anonymous_2)
FN:17,(anonymous_3)
FN:24,(anonymous_4)
FN:25,(anonymous_5)
FN:27,(anonymous_6)
FN:32,sendFiles
FN:46,(anonymous_8)
FN:80,(anonymous_9)
FN:97,(anonymous_10)
FN:104,(anonymous_11)
FN:105,(anonymous_12)
FN:123,(anonymous_13)
FN:127,(anonymous_14)
FN:138,uploadFile
FNF:16
FNH:11
FNDA:10,dedupeList
FNDA:14,(anonymous_1)
FNDA:5,(anonymous_2)
FNDA:15,(anonymous_3)
FNDA:9,(anonymous_4)
FNDA:12,(anonymous_5)
FNDA:0,(anonymous_6)
FNDA:4,sendFiles
FNDA:4,(anonymous_8)
FNDA:0,(anonymous_9)
FNDA:2,(anonymous_10)
FNDA:2,(anonymous_11)
FNDA:0,(anonymous_12)
FNDA:0,(anonymous_13)
FNDA:0,(anonymous_14)
FNDA:2,uploadFile
DA:9,10
DA:10,14
DA:11,5
DA:12,3
DA:13,3
DA:15,14
DA:16,3
DA:17,15
DA:18,2
DA:20,9
DA:24,9
DA:25,12
DA:27,9
DA:29,9
DA:33,4
DA:34,4
DA:35,0
DA:37,4
DA:38,0
DA:40,4
DA:41,4
DA:42,4
DA:47,4
DA:49,4
DA:50,4
DA:51,4
DA:52,0
DA:54,4
DA:55,4
DA:62,4
DA:64,4
DA:66,4
DA:67,4
DA:68,4
DA:69,4
DA:70,0
DA:71,0
DA:72,0
DA:76,4
DA:77,4
DA:78,4
DA:79,2
DA:80,2
DA:81,0
DA:82,0
DA:84,2
DA:85,2
DA:87,0
DA:88,0
DA:89,0
DA:93,4
DA:94,3
DA:96,1
DA:97,2
DA:98,1
DA:99,0
DA:103,4
DA:104,1
DA:105,2
DA:107,1
DA:108,2
DA:109,2
DA:111,0
DA:112,0
DA:113,0
DA:116,1
DA:117,1
DA:121,4
DA:122,0
DA:123,0
DA:125,4
DA:128,0
DA:129,0
DA:131,0
DA:132,0
DA:135,4
DA:140,2
DA:141,0
DA:142,0
DA:144,2
DA:145,2
DA:146,2
DA:147,2
DA:156,2
DA:157,2
DA:158,0
DA:159,0
DA:160,0
DA:162,0
DA:165,2
DA:166,2
DA:182,2
DA:183,2
DA:184,0
DA:185,0
DA:187,0
DA:192,0
DA:193,0
LF:98
LH:66
BRDA:7,0,0,4
BRDA:11,1,0,2
BRDA:11,1,1,3
BRDA:12,2,0,0
BRDA:12,2,1,3
BRDA:12,3,0,3
BRDA:12,3,1,3
BRDA:15,4,0,3
BRDA:15,4,1,11
BRDA:17,5,0,2
BRDA:17,5,1,9
BRDA:17,6,0,15
BRDA:17,6,1,11
BRDA:27,7,0,0
BRDA:27,7,1,9
BRDA:32,8,0,0
BRDA:32,9,0,0
BRDA:32,10,0,2
BRDA:34,11,0,0
BRDA:34,11,1,4
BRDA:37,12,0,0
BRDA:37,12,1,4
BRDA:37,13,0,4
BRDA:37,13,1,4
BRDA:51,14,0,0
BRDA:51,14,1,4
BRDA:69,15,0,0
BRDA:69,15,1,4
BRDA:80,16,0,0
BRDA:80,16,1,2
BRDA:87,17,0,0
BRDA:87,17,1,0
BRDA:93,18,0,3
BRDA:93,18,1,1
BRDA:98,19,0,0
BRDA:98,19,1,1
BRDA:103,20,0,1
BRDA:103,20,1,3
BRDA:111,21,0,0
BRDA:111,21,1,0
BRDA:116,22,0,1
BRDA:116,22,1,0
BRDA:121,23,0,0
BRDA:121,23,1,4
BRDA:128,24,0,0
BRDA:128,24,1,0
BRDA:140,25,0,0
BRDA:140,25,1,2
BRDA:157,26,0,0
BRDA:157,26,1,2
BRDA:158,27,0,0
BRDA:158,27,1,0
BRDA:160,28,0,0
BRDA:160,28,1,0
BRDA:165,29,0,2
BRDA:165,29,1,0
BRDA:183,30,0,0
BRDA:183,30,1,2
BRDA:184,31,0,0
BRDA:184,31,1,0
BRDA:185,32,0,0
BRDA:185,32,1,0
BRDA:192,33,0,0
BRDA:192,33,1,0
BRF:64
BRH:32
end_of_record
TN:
SF:/Users/sebastien/Documents/repositories/ipad/react-native-holusion/lib/files/watchFiles.js
FN:9,watchFiles
FN:12,(anonymous_1)
FN:13,(anonymous_2)
FN:30,(anonymous_3)
FN:37,(anonymous_4)
FN:41,(anonymous_5)
FN:47,(anonymous_6)
FN:49,(anonymous_7)
FN:50,(anonymous_8)
FN:56,onConfigSnapshot
FN:82,(anonymous_10)
FN:99,(anonymous_11)
FN:107,onProjectSnapshot
FN:127,(anonymous_13)
FNF:14
FNH:0
FNDA:0,watchFiles
FNDA:0,(anonymous_1)
FNDA:0,(anonymous_2)
FNDA:0,(anonymous_3)
FNDA:0,(anonymous_4)
FNDA:0,(anonymous_5)
FNDA:0,(anonymous_6)
FNDA:0,(anonymous_7)
FNDA:0,(anonymous_8)
FNDA:0,onConfigSnapshot
FNDA:0,(anonymous_10)
FNDA:0,(anonymous_11)
FNDA:0,onProjectSnapshot
FNDA:0,(anonymous_13)
DA:15,0
DA:16,0
DA:20,0
DA:23,0
DA:25,0
DA:26,0
DA:29,0
DA:31,0
DA:32,0
DA:33,0
DA:34,0
DA:37,0
DA:40,0
DA:42,0
DA:43,0
DA:44,0
DA:45,0
DA:47,0
DA:49,0
DA:50,0
DA:57,0
DA:58,0
DA:59,0
DA:60,0
DA:61,0
DA:63,0
DA:64,0
DA:65,0
DA:66,0
DA:67,0
DA:69,0
DA:71,0
DA:73,0
DA:74,0
DA:75,0
DA:76,0
DA:77,0
DA:82,0
DA:83,0
DA:85,0
DA:86,0
DA:87,0
DA:88,0
DA:89,0
DA:90,0
DA:91,0
DA:93,0
DA:94,0
DA:96,0
DA:98,0
DA:100,0
DA:103,0
DA:104,0
DA:108,0
DA:109,0
DA:110,0
DA:111,0
DA:112,0
DA:114,0
DA:115,0
DA:116,0
DA:117,0
DA:118,0
DA:119,0
DA:120,0
DA:122,0
DA:123,0
DA:126,0
DA:128,0
DA:131,0
DA:132,0
LF:71
LH:0
BRDA:9,0,0,0
BRDA:12,1,0,0
BRDA:13,2,0,0
BRDA:15,3,0,0
BRDA:15,3,1,0
BRDA:31,4,0,0
BRDA:31,4,1,0
BRDA:42,5,0,0
BRDA:42,5,1,0
BRDA:60,6,0,0
BRDA:60,6,1,0
BRDA:63,7,0,0
BRDA:63,7,1,0
BRDA:66,8,0,0
BRDA:66,8,1,0
BRDA:73,9,0,0
BRDA:73,9,1,0
BRDA:73,10,0,0
BRDA:73,10,1,0
BRDA:82,11,0,0
BRDA:82,11,1,0
BRDA:83,12,0,0
BRDA:83,12,1,0
BRDA:88,13,0,0
BRDA:88,13,1,0
BRDA:88,14,0,0
BRDA:88,14,1,0
BRDA:93,15,0,0
BRDA:93,15,1,0
BRDA:96,16,0,0
BRDA:96,16,1,0
BRDA:96,17,0,0
BRDA:96,17,1,0
BRDA:111,18,0,0
BRDA:111,18,1,0
BRDA:116,19,0,0
BRDA:116,19,1,0
BRDA:123,20,0,0
BRDA:123,20,1,0
BRDA:123,21,0,0
BRDA:123,21,1,0
BRF:41
BRH:0
end_of_record
TN:
SF:/Users/sebastien/Documents/repositories/ipad/react-native-holusion/lib/reducers/conf.js
FN:4,conf
FNF:1
FNH:1
FNDA:80,conf
DA:11,80
DA:13,1
DA:15,0
DA:17,0
DA:19,0
DA:21,1
DA:22,0
DA:23,0
DA:25,1
DA:27,78
LF:10
LH:5
BRDA:4,0,0,10
BRDA:11,1,0,1
BRDA:11,1,1,0
BRDA:11,1,2,0
BRDA:11,1,3,0
BRDA:11,1,4,1
BRDA:11,1,5,78
BRDA:21,2,0,0
BRDA:21,2,1,1
BRF:9
BRH:5
end_of_record
TN:
SF:/Users/sebastien/Documents/repositories/ipad/react-native-holusion/lib/reducers/data.js
FN:4,data
FNF:1
FNH:1
FNDA:80,data
DA:8,80
DA:10,6
DA:12,0
DA:14,0
DA:16,74
LF:5
LH:3
BRDA:4,0,0,10
BRDA:8,1,0,6
BRDA:8,1,1,0
BRDA:8,1,2,0
BRDA:8,1,3,74
BRF:5
BRH:3
end_of_record
TN:
SF:/Users/sebastien/Documents/repositories/ipad/react-native-holusion/lib/reducers/index.js
FNF:0
FNH:0
LF:0
LH:0
BRF:0
BRH:0
end_of_record
TN:
SF:/Users/sebastien/Documents/repositories/ipad/react-native-holusion/lib/reducers/network.js
FN:4,network
FNF:1
FNH:1
FNDA:80,network
DA:5,80
DA:7,0
DA:9,1
DA:11,79
LF:4
LH:3
BRDA:4,0,0,10
BRDA:5,1,0,0
BRDA:5,1,1,1
BRDA:5,1,2,79
BRF:4
BRH:3
end_of_record
TN:
SF:/Users/sebastien/Documents/repositories/ipad/react-native-holusion/lib/reducers/products.js
FN:4,products
FN:9,(anonymous_1)
FN:18,(anonymous_2)
FN:27,(anonymous_3)
FNF:4
FNH:4
FNDA:80,products
FNDA:5,(anonymous_1)
FNDA:7,(anonymous_2)
FNDA:2,(anonymous_3)
DA:5,80
DA:7,0
DA:9,3
DA:10,5
DA:11,2
DA:13,3
DA:16,3
DA:18,14
DA:19,14
DA:20,13
DA:22,1
DA:23,1
DA:24,1
DA:27,2
DA:29,61
LF:15
LH:14
BRDA:4,0,0,10
BRDA:5,1,0,0
BRDA:5,1,1,3
BRDA:5,1,2,14
BRDA:5,1,3,2
BRDA:5,1,4,61
BRDA:10,2,0,2
BRDA:10,2,1,3
BRDA:19,3,0,13
BRDA:19,3,1,1
BRF:10
BRH:9
end_of_record
TN:
SF:/Users/sebastien/Documents/repositories/ipad/react-native-holusion/lib/reducers/tasks.js
FN:4,tasks
FNF:1
FNH:1
FNDA:80,tasks
DA:6,80
DA:8,16
DA:15,20
DA:23,1
DA:24,1
DA:28,43
LF:6
LH:6
BRDA:4,0,0,10
BRDA:6,1,0,16
BRDA:6,1,1,20
BRDA:6,1,2,1
BRDA:6,1,3,43
BRF:5
BRH:5
end_of_record
TN:
SF:/Users/sebastien/Documents/repositories/ipad/react-native-holusion/lib/selectors/index.js
FN:8,(anonymous_0)
FN:9,(anonymous_1)
FN:10,(anonymous_2)
FN:11,(anonymous_3)
FN:15,(anonymous_4)
FN:20,(anonymous_5)
FN:20,(anonymous_6)
FN:26,(anonymous_7)
FN:28,(anonymous_8)
FN:37,(anonymous_9)
FN:45,(anonymous_10)
FN:49,(anonymous_11)
FN:49,(anonymous_12)
FN:52,(anonymous_13)
FN:56,(anonymous_14)
FN:57,(anonymous_15)
FN:57,(anonymous_16)
FN:63,(anonymous_17)
FN:63,(anonymous_18)
FNF:19
FNH:12
FNDA:0,(anonymous_0)
FNDA:2,(anonymous_1)
FNDA:2,(anonymous_2)
FNDA:7,(anonymous_3)
FNDA:2,(anonymous_4)
FNDA:1,(anonymous_5)
FNDA:2,(anonymous_6)
FNDA:2,(anonymous_7)
FNDA:2,(anonymous_8)
FNDA:1,(anonymous_9)
FNDA:2,(anonymous_10)
FNDA:2,(anonymous_11)
FNDA:5,(anonymous_12)
FNDA:0,(anonymous_13)
FNDA:0,(anonymous_14)
FNDA:0,(anonymous_15)
FNDA:0,(anonymous_16)
FNDA:0,(anonymous_17)
FNDA:0,(anonymous_18)
DA:8,1
DA:9,2
DA:10,2
DA:11,7
DA:13,1
DA:15,2
DA:18,1
DA:20,2
DA:24,1
DA:27,2
DA:28,1
DA:29,2
DA:30,2
DA:35,1
DA:38,1
DA:45,2
DA:47,1
DA:49,5
DA:52,1
DA:54,1
DA:57,0
DA:61,1
DA:63,0
LF:23
LH:21
BRDA:27,0,0,1
BRDA:27,0,1,1
BRDA:29,1,0,0
BRDA:29,1,1,2
BRDA:30,2,0,2
BRDA:30,2,1,0
BRF:6
BRH:4
end_of_record
